TN:
SF:/mnt/c/Users/odiri/Desktop/cos214/cloned Repo/practical3/AdminUser.cpp
FN:12,15,_ZN9AdminUser7receiveERKNSt7__cxx1112basic_stringIcSt11char_traitsIcESaIcEEEP4UserP8ChatRoom
FN:4,4,_ZN9AdminUserC2ERKNSt7__cxx1112basic_stringIcSt11char_traitsIcESaIcEEE
FN:6,10,_ZN9AdminUser4sendERKNSt7__cxx1112basic_stringIcSt11char_traitsIcESaIcEEEP8ChatRoom
FNDA:5,_ZN9AdminUser7receiveERKNSt7__cxx1112basic_stringIcSt11char_traitsIcESaIcEEEP4UserP8ChatRoom
FNDA:3,_ZN9AdminUserC2ERKNSt7__cxx1112basic_stringIcSt11char_traitsIcESaIcEEE
FNDA:0,_ZN9AdminUser4sendERKNSt7__cxx1112basic_stringIcSt11char_traitsIcESaIcEEEP8ChatRoom
FNF:3
FNH:2
DA:4,3
DA:6,0
DA:7,0
DA:8,0
DA:10,0
DA:12,5
DA:13,0
DA:14,5
DA:15,5
LF:9
LH:4
end_of_record
TN:
SF:/mnt/c/Users/odiri/Desktop/cos214/cloned Repo/practical3/AdminUser.h
FNF:0
FNH:0
LF:0
LH:0
end_of_record
TN:
SF:/mnt/c/Users/odiri/Desktop/cos214/cloned Repo/practical3/ChatRoom.cpp
FN:20,24,_ZN8ChatRoom11saveMessageERKNSt7__cxx1112basic_stringIcSt11char_traitsIcESaIcEEEP4User
FN:25,25,_ZNK8ChatRoom8getUsersEv
FN:26,26,_ZNK8ChatRoom14getChatHistoryB5cxx11Ev
FN:6,6,_ZN8ChatRoomC2ERKNSt7__cxx1112basic_stringIcSt11char_traitsIcESaIcEEE
FN:8,18,_ZN8ChatRoom11sendMessageERKNSt7__cxx1112basic_stringIcSt11char_traitsIcESaIcEEEP4User
FNDA:0,_ZN8ChatRoom11saveMessageERKNSt7__cxx1112basic_stringIcSt11char_traitsIcESaIcEEEP4User
FNDA:0,_ZNK8ChatRoom8getUsersEv
FNDA:0,_ZNK8ChatRoom14getChatHistoryB5cxx11Ev
FNDA:10,_ZN8ChatRoomC2ERKNSt7__cxx1112basic_stringIcSt11char_traitsIcESaIcEEE
FNDA:0,_ZN8ChatRoom11sendMessageERKNSt7__cxx1112basic_stringIcSt11char_traitsIcESaIcEEEP4User
FNF:5
FNH:1
DA:6,10
DA:8,0
DA:9,0
DA:10,0
DA:11,0
DA:15,0
DA:17,0
DA:18,0
DA:20,0
DA:21,0
DA:22,0
DA:23,0
DA:24,0
DA:25,0
DA:26,0
LF:15
LH:1
end_of_record
TN:
SF:/mnt/c/Users/odiri/Desktop/cos214/cloned Repo/practical3/ChatRoom.h
FN:22,22,_ZN8ChatRoomD0Ev
FN:22,22,_ZN8ChatRoomD2Ev
FN:24,24,_ZNK8ChatRoom7getNameB5cxx11Ev
FNDA:0,_ZN8ChatRoomD0Ev
FNDA:10,_ZN8ChatRoomD2Ev
FNDA:85,_ZNK8ChatRoom7getNameB5cxx11Ev
FNF:3
FNH:2
DA:22,10
DA:24,85
LF:2
LH:2
end_of_record
TN:
SF:/mnt/c/Users/odiri/Desktop/cos214/cloned Repo/practical3/Name1.cpp
FN:11,30,_ZN5Name14sendERKNSt7__cxx1112basic_stringIcSt11char_traitsIcESaIcEEEP8ChatRoom
FN:32,35,_ZN5Name17receiveERKNSt7__cxx1112basic_stringIcSt11char_traitsIcESaIcEEEP4UserP8ChatRoom
FN:7,9,_ZN5Name1C2Ev
FNDA:0,_ZN5Name14sendERKNSt7__cxx1112basic_stringIcSt11char_traitsIcESaIcEEEP8ChatRoom
FNDA:14,_ZN5Name17receiveERKNSt7__cxx1112basic_stringIcSt11char_traitsIcESaIcEEEP4UserP8ChatRoom
FNDA:8,_ZN5Name1C2Ev
FNF:3
FNH:2
DA:7,16
DA:8,8
DA:9,8
DA:11,0
DA:12,0
DA:13,0
DA:14,0
DA:17,0
DA:18,0
DA:19,0
DA:22,0
DA:24,0
DA:25,0
DA:27,0
DA:28,0
DA:29,0
DA:32,14
DA:33,0
DA:34,14
DA:35,14
LF:20
LH:6
end_of_record
TN:
SF:/mnt/c/Users/odiri/Desktop/cos214/cloned Repo/practical3/Name1.h
FNF:0
FNH:0
LF:0
LH:0
end_of_record
TN:
SF:/mnt/c/Users/odiri/Desktop/cos214/cloned Repo/practical3/Name2.cpp
FN:13,32,_ZN5Name24sendERKNSt7__cxx1112basic_stringIcSt11char_traitsIcESaIcEEEP8ChatRoom
FN:34,37,_ZN5Name27receiveERKNSt7__cxx1112basic_stringIcSt11char_traitsIcESaIcEEEP4UserP8ChatRoom
FN:39,48,_ZN5Name218sendDelayedMessageERKNSt7__cxx1112basic_stringIcSt11char_traitsIcESaIcEEEP8ChatRoomi
FN:9,11,_ZN5Name2C2Ev
FNDA:2,_ZN5Name24sendERKNSt7__cxx1112basic_stringIcSt11char_traitsIcESaIcEEEP8ChatRoom
FNDA:12,_ZN5Name27receiveERKNSt7__cxx1112basic_stringIcSt11char_traitsIcESaIcEEEP4UserP8ChatRoom
FNDA:2,_ZN5Name218sendDelayedMessageERKNSt7__cxx1112basic_stringIcSt11char_traitsIcESaIcEEEP8ChatRoomi
FNDA:8,_ZN5Name2C2Ev
FNF:4
FNH:4
DA:9,16
DA:10,8
DA:11,8
DA:13,2
DA:14,2
DA:15,0
DA:16,0
DA:19,2
DA:20,0
DA:21,0
DA:24,2
DA:26,2
DA:27,2
DA:29,2
DA:30,2
DA:31,2
DA:34,12
DA:35,0
DA:36,12
DA:37,12
DA:39,2
DA:40,2
DA:43,2
DA:44,1
DA:47,2
DA:48,2
LF:26
LH:21
end_of_record
TN:
SF:/mnt/c/Users/odiri/Desktop/cos214/cloned Repo/practical3/Name2.h
FNF:0
FNH:0
LF:0
LH:0
end_of_record
TN:
SF:/mnt/c/Users/odiri/Desktop/cos214/cloned Repo/practical3/Name3.cpp
FN:12,34,_ZN5Name34sendERKNSt7__cxx1112basic_stringIcSt11char_traitsIcESaIcEEEP8ChatRoom
FN:36,39,_ZN5Name37receiveERKNSt7__cxx1112basic_stringIcSt11char_traitsIcESaIcEEEP4UserP8ChatRoom
FN:41,43,_ZNK5Name315getMessageCountEv
FN:45,48,_ZN5Name320sendFormattedMessageERKNSt7__cxx1112basic_stringIcSt11char_traitsIcESaIcEEEP8ChatRoom
FN:8,10,_ZN5Name3C2Ev
FNDA:2,_ZN5Name34sendERKNSt7__cxx1112basic_stringIcSt11char_traitsIcESaIcEEEP8ChatRoom
FNDA:4,_ZN5Name37receiveERKNSt7__cxx1112basic_stringIcSt11char_traitsIcESaIcEEEP4UserP8ChatRoom
FNDA:3,_ZNK5Name315getMessageCountEv
FNDA:2,_ZN5Name320sendFormattedMessageERKNSt7__cxx1112basic_stringIcSt11char_traitsIcESaIcEEEP8ChatRoom
FNDA:5,_ZN5Name3C2Ev
FNF:5
FNH:5
DA:8,10
DA:9,5
DA:10,5
DA:12,2
DA:13,2
DA:14,0
DA:15,0
DA:18,2
DA:19,0
DA:20,0
DA:23,2
DA:24,2
DA:25,2
DA:28,2
DA:29,2
DA:31,2
DA:32,2
DA:33,2
DA:36,4
DA:37,0
DA:38,4
DA:39,4
DA:41,3
DA:42,3
DA:45,2
DA:46,2
DA:47,2
DA:48,2
LF:28
LH:23
end_of_record
TN:
SF:/mnt/c/Users/odiri/Desktop/cos214/cloned Repo/practical3/Name3.h
FNF:0
FNH:0
LF:0
LH:0
end_of_record
TN:
SF:/mnt/c/Users/odiri/Desktop/cos214/cloned Repo/practical3/Observer.cpp
FN:3,4,_ZN8Observer6updateERKNSt7__cxx1112basic_stringIcSt11char_traitsIcESaIcEEEP4UserP8ChatRoom
FNDA:0,_ZN8Observer6updateERKNSt7__cxx1112basic_stringIcSt11char_traitsIcESaIcEEEP4UserP8ChatRoom
FNF:1
FNH:0
DA:3,0
DA:4,0
LF:2
LH:0
end_of_record
TN:
SF:/mnt/c/Users/odiri/Desktop/cos214/cloned Repo/practical3/Observer.h
FN:12,12,_ZN8ObserverD0Ev
FN:12,12,_ZN8ObserverD2Ev
FNDA:0,_ZN8ObserverD0Ev
FNDA:2,_ZN8ObserverD2Ev
FNF:2
FNH:1
DA:12,2
LF:1
LH:1
end_of_record
TN:
SF:/mnt/c/Users/odiri/Desktop/cos214/cloned Repo/practical3/RegularUser.cpp
FN:12,15,_ZN11RegularUser7receiveERKNSt7__cxx1112basic_stringIcSt11char_traitsIcESaIcEEEP4UserP8ChatRoom
FN:5,5,_ZN11RegularUserC2ERKNSt7__cxx1112basic_stringIcSt11char_traitsIcESaIcEEE
FN:6,10,_ZN11RegularUser4sendERKNSt7__cxx1112basic_stringIcSt11char_traitsIcESaIcEEEP8ChatRoom
FNDA:5,_ZN11RegularUser7receiveERKNSt7__cxx1112basic_stringIcSt11char_traitsIcESaIcEEEP4UserP8ChatRoom
FNDA:3,_ZN11RegularUserC2ERKNSt7__cxx1112basic_stringIcSt11char_traitsIcESaIcEEE
FNDA:0,_ZN11RegularUser4sendERKNSt7__cxx1112basic_stringIcSt11char_traitsIcESaIcEEEP8ChatRoom
FNF:3
FNH:2
DA:5,3
DA:6,0
DA:7,0
DA:8,0
DA:10,0
DA:12,5
DA:13,0
DA:14,5
DA:15,5
LF:9
LH:4
end_of_record
TN:
SF:/mnt/c/Users/odiri/Desktop/cos214/cloned Repo/practical3/RegularUser.h
FNF:0
FNH:0
LF:0
LH:0
end_of_record
TN:
SF:/mnt/c/Users/odiri/Desktop/cos214/cloned Repo/practical3/Subject.cpp
FN:18,22,_ZN7Subject6notifyERKNSt7__cxx1112basic_stringIcSt11char_traitsIcESaIcEEEP4UserP8ChatRoom
FN:5,7,_ZN7Subject6attachEP8Observer
FN:9,16,_ZN7Subject6detachEP8Observer
FNDA:25,_ZN7Subject6notifyERKNSt7__cxx1112basic_stringIcSt11char_traitsIcESaIcEEEP4UserP8ChatRoom
FNDA:3,_ZN7Subject6attachEP8Observer
FNDA:3,_ZN7Subject6detachEP8Observer
FNF:3
FNH:3
DA:5,3
DA:6,3
DA:7,3
DA:9,3
DA:10,3
DA:11,3
DA:12,3
DA:13,3
DA:16,3
DA:18,25
DA:19,38
DA:20,13
DA:22,25
LF:13
LH:13
end_of_record
TN:
SF:/mnt/c/Users/odiri/Desktop/cos214/cloned Repo/practical3/Subject.h
FN:15,15,_ZN7SubjectC2Ev
FN:16,16,_ZN7SubjectD0Ev
FN:16,16,_ZN7SubjectD2Ev
FNDA:10,_ZN7SubjectC2Ev
FNDA:0,_ZN7SubjectD0Ev
FNDA:10,_ZN7SubjectD2Ev
FNF:3
FNH:2
DA:15,10
DA:16,10
LF:2
LH:2
end_of_record
TN:
SF:/mnt/c/Users/odiri/Desktop/cos214/cloned Repo/practical3/TestingMain.cpp
FN:135,171,_Z18testCommandPatternv
FN:173,223,_Z19testIteratorPatternv
FN:225,255,_Z19testObserverPatternv
FN:257,291,_Z19testMediatorPatternv
FN:293,327,_Z23testSpecialUserFeaturesv
FN:32,60,main
FN:329,446,_Z23testIntegrationScenariov
FN:62,66,_Z15printTestHeaderRKNSt7__cxx1112basic_stringIcSt11char_traitsIcESaIcEEE
FN:68,70,_Z15printTestResultbRKNSt7__cxx1112basic_stringIcSt11char_traitsIcESaIcEEE
FN:72,97,_Z16testUserCreationv
FN:99,133,_Z22testChatRoomOperationsv
FNDA:1,_Z18testCommandPatternv
FNDA:1,_Z19testIteratorPatternv
FNDA:1,_Z19testObserverPatternv
FNDA:1,_Z19testMediatorPatternv
FNDA:1,_Z23testSpecialUserFeaturesv
FNDA:1,main
FNDA:1,_Z23testIntegrationScenariov
FNDA:8,_Z15printTestHeaderRKNSt7__cxx1112basic_stringIcSt11char_traitsIcESaIcEEE
FNDA:54,_Z15printTestResultbRKNSt7__cxx1112basic_stringIcSt11char_traitsIcESaIcEEE
FNDA:1,_Z16testUserCreationv
FNDA:1,_Z22testChatRoomOperationsv
FNF:11
FNH:11
DA:32,1
DA:33,1
DA:34,1
DA:35,1
DA:38,1
DA:39,1
DA:40,1
DA:41,1
DA:42,1
DA:43,1
DA:44,1
DA:45,1
DA:47,1
DA:48,1
DA:49,1
DA:51,0
DA:52,0
DA:53,0
DA:54,0
DA:55,0
DA:56,0
DA:57,0
DA:59,1
DA:62,8
DA:63,16
DA:64,8
DA:65,8
DA:66,8
DA:68,54
DA:69,54
DA:70,54
DA:72,1
DA:73,1
DA:76,1
DA:77,1
DA:80,1
DA:81,1
DA:84,1
DA:85,2
DA:86,2
DA:89,2
DA:90,2
DA:93,2
DA:94,1
DA:96,1
DA:97,1
DA:99,1
DA:100,1
DA:102,1
DA:103,1
DA:105,2
DA:106,1
DA:108,1
DA:109,1
DA:110,1
DA:112,1
DA:113,1
DA:114,1
DA:116,1
DA:117,1
DA:119,2
DA:120,2
DA:121,2
DA:123,2
DA:124,2
DA:126,2
DA:127,1
DA:129,1
DA:130,1
DA:132,1
DA:133,1
DA:135,1
DA:136,1
DA:138,1
DA:139,1
DA:140,1
DA:142,1
DA:143,1
DA:146,2
DA:147,1
DA:148,1
DA:149,1
DA:152,2
DA:153,1
DA:154,1
DA:155,1
DA:158,2
DA:159,2
DA:160,2
DA:162,1
DA:163,1
DA:166,2
DA:167,1
DA:168,1
DA:170,1
DA:171,1
DA:173,1
DA:174,1
DA:176,1
DA:177,1
DA:178,1
DA:179,1
DA:181,2
DA:182,1
DA:184,1
DA:185,2
DA:187,5
DA:188,4
DA:189,4
DA:190,4
DA:191,8
DA:192,4
DA:195,1
DA:197,1
DA:198,1
DA:205,2
DA:207,1
DA:209,1
DA:210,5
DA:211,4
DA:212,4
DA:213,4
DA:214,4
DA:216,1
DA:219,1
DA:220,1
DA:222,1
DA:223,1
DA:225,1
DA:226,1
DA:228,1
DA:229,1
DA:230,1
DA:231,1
DA:233,1
DA:234,1
DA:237,1
DA:238,1
DA:241,1
DA:242,2
DA:243,1
DA:246,1
DA:247,1
DA:250,1
DA:251,2
DA:252,1
DA:254,1
DA:255,1
DA:257,1
DA:258,1
DA:260,1
DA:261,1
DA:263,1
DA:264,1
DA:265,1
DA:268,1
DA:269,1
DA:271,1
DA:272,1
DA:275,1
DA:276,2
DA:277,1
DA:279,1
DA:280,2
DA:281,2
DA:283,2
DA:286,2
DA:287,2
DA:288,1
DA:290,1
DA:291,1
DA:293,1
DA:294,1
DA:296,1
DA:297,1
DA:299,1
DA:300,1
DA:301,1
DA:303,1
DA:304,1
DA:305,1
DA:307,1
DA:310,1
DA:311,1
DA:314,1
DA:315,2
DA:316,1
DA:319,1
DA:320,1
DA:321,2
DA:323,2
DA:324,1
DA:326,1
DA:327,1
DA:329,1
DA:330,1
DA:333,1
DA:334,1
DA:336,1
DA:337,1
DA:338,1
DA:339,2
DA:340,1
DA:342,1
DA:345,1
DA:346,1
DA:349,1
DA:350,1
DA:351,1
DA:353,1
DA:354,1
DA:355,1
DA:357,1
DA:360,1
DA:361,2
DA:362,2
DA:363,1
DA:366,1
DA:367,2
DA:368,2
DA:369,2
DA:371,1
DA:372,1
DA:375,1
DA:376,2
DA:377,2
DA:378,1
DA:381,1
DA:382,2
DA:383,1
DA:386,1
DA:389,1
DA:390,1
DA:391,1
DA:392,4
DA:393,3
DA:394,3
DA:395,3
DA:397,1
DA:398,1
DA:401,1
DA:402,1
DA:403,1
DA:404,9
DA:405,8
DA:406,8
DA:407,8
DA:408,8
DA:409,1
DA:410,1
DA:412,1
DA:413,1
DA:414,1
DA:415,4
DA:416,3
DA:417,3
DA:418,3
DA:420,1
DA:421,1
DA:423,1
DA:424,1
DA:425,1
DA:427,1
DA:428,1
DA:430,1
DA:431,2
DA:432,1
DA:434,1
DA:435,1
DA:437,1
DA:439,2
DA:440,2
DA:441,2
DA:442,2
DA:443,1
DA:445,1
DA:446,1
LF:277
LH:270
end_of_record
TN:
SF:/mnt/c/Users/odiri/Desktop/cos214/cloned Repo/practical3/User.cpp
FN:13,15,_ZNK4User7getNameB5cxx11Ev
FN:17,19,_ZNK4User12getChatRoomsEv
FN:21,27,_ZN4User8joinRoomEP8ChatRoom
FN:29,36,_ZN4User9leaveRoomEP8ChatRoom
FN:38,40,_ZNK4User8isInRoomEP8ChatRoom
FN:42,44,_ZN4User10addCommandEP7Command
FN:46,52,_ZN4User15executeCommandsEv
FN:54,59,_ZN4User17clearCommandQueueEv
FN:7,7,_ZN4UserC2ERKNSt7__cxx1112basic_stringIcSt11char_traitsIcESaIcEEE
FN:9,11,_ZN4UserD0Ev
FN:9,11,_ZN4UserD2Ev
FNDA:157,_ZNK4User7getNameB5cxx11Ev
FNDA:8,_ZNK4User12getChatRoomsEv
FNDA:24,_ZN4User8joinRoomEP8ChatRoom
FNDA:2,_ZN4User9leaveRoomEP8ChatRoom
FNDA:34,_ZNK4User8isInRoomEP8ChatRoom
FNDA:15,_ZN4User10addCommandEP7Command
FNDA:7,_ZN4User15executeCommandsEv
FNDA:28,_ZN4User17clearCommandQueueEv
FNDA:27,_ZN4UserC2ERKNSt7__cxx1112basic_stringIcSt11char_traitsIcESaIcEEE
FNDA:0,_ZN4UserD0Ev
FNDA:27,_ZN4UserD2Ev
FNF:11
FNH:10
DA:7,27
DA:9,27
DA:10,27
DA:11,27
DA:13,157
DA:14,157
DA:17,8
DA:18,8
DA:21,24
DA:22,24
DA:23,24
DA:24,24
DA:25,24
DA:27,24
DA:29,2
DA:30,2
DA:31,2
DA:32,2
DA:33,2
DA:34,2
DA:36,2
DA:38,34
DA:39,34
DA:42,15
DA:43,15
DA:44,15
DA:46,7
DA:47,21
DA:48,14
DA:49,14
DA:51,7
DA:52,7
DA:54,28
DA:55,29
DA:56,1
DA:58,28
DA:59,28
LF:37
LH:37
end_of_record
TN:
SF:/mnt/c/Users/odiri/Desktop/cos214/cloned Repo/practical3/command.cpp
FN:3,4,_ZN7CommandC2EP8ChatRoomP4UserNSt7__cxx1112basic_stringIcSt11char_traitsIcESaIcEEE
FN:6,8,_ZN7Command7executeEv
FNDA:17,_ZN7CommandC2EP8ChatRoomP4UserNSt7__cxx1112basic_stringIcSt11char_traitsIcESaIcEEE
FNDA:0,_ZN7Command7executeEv
FNF:2
FNH:1
DA:3,17
DA:4,17
DA:6,0
DA:7,0
LF:4
LH:2
end_of_record
TN:
SF:/mnt/c/Users/odiri/Desktop/cos214/cloned Repo/practical3/command.h
FN:27,27,_ZN7CommandD0Ev
FN:27,27,_ZN7CommandD2Ev
FNDA:0,_ZN7CommandD0Ev
FNDA:17,_ZN7CommandD2Ev
FNF:2
FNH:1
DA:27,17
LF:1
LH:1
end_of_record
TN:
SF:/mnt/c/Users/odiri/Desktop/cos214/cloned Repo/practical3/ctrlCat.cpp
FN:17,24,_ZN7CtrlCat10removeUserEP4User
FN:26,40,_ZN7CtrlCat11sendMessageERKNSt7__cxx1112basic_stringIcSt11char_traitsIcESaIcEEEP4User
FN:42,48,_ZN7CtrlCat11saveMessageERKNSt7__cxx1112basic_stringIcSt11char_traitsIcESaIcEEEP4User
FN:50,52,_ZN7CtrlCat18createUserIteratorEv
FN:54,56,_ZN7CtrlCat21createMessageIteratorB5cxx11Ev
FN:58,60,_ZNK7CtrlCat8getUsersEv
FN:62,64,_ZNK7CtrlCat14getChatHistoryB5cxx11Ev
FN:7,7,_ZN7CtrlCatC2Ev
FN:9,15,_ZN7CtrlCat12registerUserEP4User
FNDA:4,_ZN7CtrlCat10removeUserEP4User
FNDA:17,_ZN7CtrlCat11sendMessageERKNSt7__cxx1112basic_stringIcSt11char_traitsIcESaIcEEEP4User
FNDA:7,_ZN7CtrlCat11saveMessageERKNSt7__cxx1112basic_stringIcSt11char_traitsIcESaIcEEEP4User
FNDA:1,_ZN7CtrlCat18createUserIteratorEv
FNDA:1,_ZN7CtrlCat21createMessageIteratorB5cxx11Ev
FNDA:0,_ZNK7CtrlCat8getUsersEv
FNDA:0,_ZNK7CtrlCat14getChatHistoryB5cxx11Ev
FNDA:6,_ZN7CtrlCatC2Ev
FNDA:30,_ZN7CtrlCat12registerUserEP4User
FNF:9
FNH:7
DA:7,18
DA:9,30
DA:10,30
DA:11,15
DA:12,15
DA:13,15
DA:15,30
DA:17,4
DA:18,4
DA:19,4
DA:20,2
DA:21,2
DA:22,2
DA:24,4
DA:26,17
DA:27,17
DA:28,17
DA:30,17
DA:32,60
DA:33,43
DA:34,26
DA:38,17
DA:40,17
DA:42,7
DA:43,7
DA:44,7
DA:45,7
DA:46,7
DA:47,7
DA:48,7
DA:50,1
DA:51,1
DA:54,1
DA:55,1
DA:58,0
DA:59,0
DA:62,0
DA:63,0
LF:38
LH:34
end_of_record
TN:
SF:/mnt/c/Users/odiri/Desktop/cos214/cloned Repo/practical3/ctrlCat.h
FN:84,84,_ZN7CtrlCatD0Ev
FN:84,84,_ZN7CtrlCatD2Ev
FNDA:0,_ZN7CtrlCatD0Ev
FNDA:6,_ZN7CtrlCatD2Ev
FNF:2
FNH:1
DA:84,6
LF:1
LH:1
end_of_record
TN:
SF:/mnt/c/Users/odiri/Desktop/cos214/cloned Repo/practical3/dogorithm.cpp
FN:10,16,_ZN9Dogorithm12registerUserEP4User
FN:18,25,_ZN9Dogorithm10removeUserEP4User
FN:27,41,_ZN9Dogorithm11sendMessageERKNSt7__cxx1112basic_stringIcSt11char_traitsIcESaIcEEEP4User
FN:43,49,_ZN9Dogorithm11saveMessageERKNSt7__cxx1112basic_stringIcSt11char_traitsIcESaIcEEEP4User
FN:51,53,_ZN9Dogorithm18createUserIteratorEv
FN:55,57,_ZN9Dogorithm21createMessageIteratorB5cxx11Ev
FN:59,61,_ZNK9Dogorithm8getUsersEv
FN:63,65,_ZNK9Dogorithm14getChatHistoryB5cxx11Ev
FN:8,8,_ZN9DogorithmC2Ev
FNDA:18,_ZN9Dogorithm12registerUserEP4User
FNDA:0,_ZN9Dogorithm10removeUserEP4User
FNDA:8,_ZN9Dogorithm11sendMessageERKNSt7__cxx1112basic_stringIcSt11char_traitsIcESaIcEEEP4User
FNDA:2,_ZN9Dogorithm11saveMessageERKNSt7__cxx1112basic_stringIcSt11char_traitsIcESaIcEEEP4User
FNDA:1,_ZN9Dogorithm18createUserIteratorEv
FNDA:0,_ZN9Dogorithm21createMessageIteratorB5cxx11Ev
FNDA:0,_ZNK9Dogorithm8getUsersEv
FNDA:0,_ZNK9Dogorithm14getChatHistoryB5cxx11Ev
FNDA:4,_ZN9DogorithmC2Ev
FNF:9
FNH:5
DA:8,12
DA:10,18
DA:11,18
DA:12,9
DA:13,9
DA:14,9
DA:16,18
DA:18,0
DA:19,0
DA:20,0
DA:21,0
DA:22,0
DA:23,0
DA:25,0
DA:27,8
DA:28,8
DA:29,8
DA:31,8
DA:33,30
DA:34,22
DA:35,14
DA:39,8
DA:41,8
DA:43,2
DA:44,2
DA:45,2
DA:46,2
DA:47,2
DA:48,2
DA:49,2
DA:51,1
DA:52,1
DA:55,0
DA:56,0
DA:59,0
DA:60,0
DA:63,0
DA:64,0
LF:38
LH:25
end_of_record
TN:
SF:/mnt/c/Users/odiri/Desktop/cos214/cloned Repo/practical3/dogorithm.h
FN:84,84,_ZN9DogorithmD0Ev
FN:84,84,_ZN9DogorithmD2Ev
FNDA:0,_ZN9DogorithmD0Ev
FNDA:4,_ZN9DogorithmD2Ev
FNF:2
FNH:1
DA:84,4
LF:1
LH:1
end_of_record
TN:
SF:/mnt/c/Users/odiri/Desktop/cos214/cloned Repo/practical3/iterator.h
FN:7,7,_ZN10myIteratorINSt7__cxx1112basic_stringIcSt11char_traitsIcESaIcEEEED0Ev
FN:7,7,_ZN10myIteratorINSt7__cxx1112basic_stringIcSt11char_traitsIcESaIcEEEED2Ev
FN:7,7,_ZN10myIteratorIP4UserED0Ev
FN:7,7,_ZN10myIteratorIP4UserED2Ev
FNDA:0,_ZN10myIteratorINSt7__cxx1112basic_stringIcSt11char_traitsIcESaIcEEEED0Ev
FNDA:2,_ZN10myIteratorINSt7__cxx1112basic_stringIcSt11char_traitsIcESaIcEEEED2Ev
FNDA:0,_ZN10myIteratorIP4UserED0Ev
FNDA:3,_ZN10myIteratorIP4UserED2Ev
FNF:4
FNH:2
DA:7,5
LF:1
LH:1
end_of_record
TN:
SF:/mnt/c/Users/odiri/Desktop/cos214/cloned Repo/practical3/messageIterator.cpp
FN:10,17,_ZN15MessageIterator4nextB5cxx11Ev
FN:19,21,_ZN15MessageIterator5resetEv
FN:3,4,_ZN15MessageIteratorC2ERKNSt7__cxx114listINS0_12basic_stringIcSt11char_traitsIcESaIcEEESaIS6_EEE
FN:6,8,_ZN15MessageIterator7hasNextEv
FNDA:12,_ZN15MessageIterator4nextB5cxx11Ev
FNDA:1,_ZN15MessageIterator5resetEv
FNDA:2,_ZN15MessageIteratorC2ERKNSt7__cxx114listINS0_12basic_stringIcSt11char_traitsIcESaIcEEESaIS6_EEE
FNDA:27,_ZN15MessageIterator7hasNextEv
FNF:4
FNH:4
DA:3,2
DA:4,2
DA:6,27
DA:7,27
DA:10,12
DA:11,12
DA:12,0
DA:14,12
DA:15,12
DA:16,12
DA:17,12
DA:19,1
DA:20,1
DA:21,1
LF:14
LH:13
end_of_record
TN:
SF:/mnt/c/Users/odiri/Desktop/cos214/cloned Repo/practical3/messageIterator.h
FNF:0
FNH:0
LF:0
LH:0
end_of_record
TN:
SF:/mnt/c/Users/odiri/Desktop/cos214/cloned Repo/practical3/notification.cpp
FN:4,7,_ZN12Notification6updateERKNSt7__cxx1112basic_stringIcSt11char_traitsIcESaIcEEEP4UserP8ChatRoom
FNDA:13,_ZN12Notification6updateERKNSt7__cxx1112basic_stringIcSt11char_traitsIcESaIcEEEP4UserP8ChatRoom
FNF:1
FNH:1
DA:4,13
DA:5,0
DA:6,13
DA:7,13
LF:4
LH:3
end_of_record
TN:
SF:/mnt/c/Users/odiri/Desktop/cos214/cloned Repo/practical3/notification.h
FNF:0
FNH:0
LF:0
LH:0
end_of_record
TN:
SF:/mnt/c/Users/odiri/Desktop/cos214/cloned Repo/practical3/saveMessageCommand.cpp
FN:3,9,_ZN18SaveMessageCommand7executeEv
FNDA:7,_ZN18SaveMessageCommand7executeEv
FNF:1
FNH:1
DA:3,7
DA:5,7
DA:6,0
DA:8,7
LF:4
LH:3
end_of_record
TN:
SF:/mnt/c/Users/odiri/Desktop/cos214/cloned Repo/practical3/saveMessageCommand.h
FN:10,11,_ZN18SaveMessageCommandC2EP8ChatRoomP4UserNSt7__cxx1112basic_stringIcSt11char_traitsIcESaIcEEE
FN:12,12,_ZN18SaveMessageCommandD0Ev
FN:12,12,_ZN18SaveMessageCommandD2Ev
FNDA:7,_ZN18SaveMessageCommandC2EP8ChatRoomP4UserNSt7__cxx1112basic_stringIcSt11char_traitsIcESaIcEEE
FNDA:7,_ZN18SaveMessageCommandD0Ev
FNDA:7,_ZN18SaveMessageCommandD2Ev
FNF:3
FNH:3
DA:10,7
DA:11,7
DA:12,14
LF:3
LH:3
end_of_record
TN:
SF:/mnt/c/Users/odiri/Desktop/cos214/cloned Repo/practical3/sendMessageCommand.cpp
FN:15,20,_ZN18sendMessageCommand7executeEv
FNDA:9,_ZN18sendMessageCommand7executeEv
FNF:1
FNH:1
DA:15,9
DA:16,9
DA:17,0
DA:19,9
LF:4
LH:3
end_of_record
TN:
SF:/mnt/c/Users/odiri/Desktop/cos214/cloned Repo/practical3/sendMessageCommand.h
FN:16,17,_ZN18sendMessageCommandC2EP8ChatRoomP4UserNSt7__cxx1112basic_stringIcSt11char_traitsIcESaIcEEE
FN:19,19,_ZN18sendMessageCommandD0Ev
FN:19,19,_ZN18sendMessageCommandD2Ev
FNDA:10,_ZN18sendMessageCommandC2EP8ChatRoomP4UserNSt7__cxx1112basic_stringIcSt11char_traitsIcESaIcEEE
FNDA:10,_ZN18sendMessageCommandD0Ev
FNDA:10,_ZN18sendMessageCommandD2Ev
FNF:3
FNH:3
DA:16,10
DA:17,10
DA:19,20
LF:3
LH:3
end_of_record
TN:
SF:/mnt/c/Users/odiri/Desktop/cos214/cloned Repo/practical3/userIterator.cpp
FN:10,15,_ZN12UserIterator4nextEv
FN:17,19,_ZN12UserIterator5resetEv
FN:3,4,_ZN12UserIteratorC2ERKSt6vectorIP4UserSaIS2_EE
FN:6,8,_ZN12UserIterator7hasNextEv
FNDA:10,_ZN12UserIterator4nextEv
FNDA:1,_ZN12UserIterator5resetEv
FNDA:3,_ZN12UserIteratorC2ERKSt6vectorIP4UserSaIS2_EE
FNDA:24,_ZN12UserIterator7hasNextEv
FNF:4
FNH:4
DA:3,3
DA:4,3
DA:6,24
DA:7,24
DA:10,10
DA:11,10
DA:12,0
DA:14,10
DA:17,1
DA:18,1
DA:19,1
LF:11
LH:10
end_of_record
TN:
SF:/mnt/c/Users/odiri/Desktop/cos214/cloned Repo/practical3/userIterator.h
FN:41,41,_ZN12UserIteratorD0Ev
FN:41,41,_ZN12UserIteratorD2Ev
FNDA:2,_ZN12UserIteratorD0Ev
FNDA:3,_ZN12UserIteratorD2Ev
FNF:2
FNH:2
DA:41,5
LF:1
LH:1
end_of_record
TN:
SF:/usr/include/c++/13/bits/alloc_traits.h
FNF:0
FNH:0
DA:482,119
DA:517,119
DA:538,116
DA:542,116
DA:562,72
DA:574,100
DA:588,7
DA:948,56
DA:949,56
LF:9
LH:9
end_of_record
TN:
SF:/usr/include/c++/13/bits/allocated_ptr.h
FN:53,55,_ZNSt15__allocated_ptrISaISt10_List_nodeINSt7__cxx1112basic_stringIcSt11char_traitsIcESaIcEEEEEEC2ERS8_PS7_
FN:53,55,_ZNSt15__allocated_ptrISaISt10_List_nodeIP7CommandEEEC2ERS4_PS3_
FN:71,75,_ZNSt15__allocated_ptrISaISt10_List_nodeINSt7__cxx1112basic_stringIcSt11char_traitsIcESaIcEEEEEED2Ev
FN:71,75,_ZNSt15__allocated_ptrISaISt10_List_nodeIP7CommandEEED2Ev
FN:79,83,_ZNSt15__allocated_ptrISaISt10_List_nodeINSt7__cxx1112basic_stringIcSt11char_traitsIcESaIcEEEEEEaSEDn
FN:79,83,_ZNSt15__allocated_ptrISaISt10_List_nodeIP7CommandEEEaSEDn
FNDA:50,_ZNSt15__allocated_ptrISaISt10_List_nodeINSt7__cxx1112basic_stringIcSt11char_traitsIcESaIcEEEEEEC2ERS8_PS7_
FNDA:15,_ZNSt15__allocated_ptrISaISt10_List_nodeIP7CommandEEEC2ERS4_PS3_
FNDA:50,_ZNSt15__allocated_ptrISaISt10_List_nodeINSt7__cxx1112basic_stringIcSt11char_traitsIcESaIcEEEEEED2Ev
FNDA:15,_ZNSt15__allocated_ptrISaISt10_List_nodeIP7CommandEEED2Ev
FNDA:50,_ZNSt15__allocated_ptrISaISt10_List_nodeINSt7__cxx1112basic_stringIcSt11char_traitsIcESaIcEEEEEEaSEDn
FNDA:15,_ZNSt15__allocated_ptrISaISt10_List_nodeIP7CommandEEEaSEDn
FNF:6
FNH:6
DA:53,65
DA:54,65
DA:55,65
DA:71,65
DA:73,65
DA:74,0
DA:75,65
DA:79,65
DA:81,65
DA:82,65
LF:10
LH:9
end_of_record
TN:
SF:/usr/include/c++/13/bits/allocator.h
FNF:0
FNH:0
DA:163,243
DA:168,17
DA:178,1
DA:184,167
LF:4
LH:4
end_of_record
TN:
SF:/usr/include/c++/13/bits/basic_string.h
FN:3528,3541,_ZSt12__str_concatINSt7__cxx1112basic_stringIcSt11char_traitsIcESaIcEEEET_PKNS6_10value_typeENS6_9size_typeES9_SA_RKNS6_14allocator_typeE
FN:3571,3579,_ZStplIcSt11char_traitsIcESaIcEENSt7__cxx1112basic_stringIT_T0_T1_EEPKS5_RKS8_
FN:3637,3639,_ZStplIcSt11char_traitsIcESaIcEENSt7__cxx1112basic_stringIT_T0_T1_EEOS8_RKS8_
FN:3674,3676,_ZStplIcSt11char_traitsIcESaIcEENSt7__cxx1112basic_stringIT_T0_T1_EEPKS5_OS8_
FN:3688,3690,_ZStplIcSt11char_traitsIcESaIcEENSt7__cxx1112basic_stringIT_T0_T1_EEOS8_PKS5_
FN:3710,3716,_ZSteqIcSt11char_traitsIcESaIcEEbRKNSt7__cxx1112basic_stringIT_T0_T1_EESA_
FN:3727,3732,_ZSteqIcSt11char_traitsIcESaIcEEbRKNSt7__cxx1112basic_stringIT_T0_T1_EEPKS5_
FN:4162,4173,_ZNSt7__cxx119to_stringEi
FNDA:2,_ZSt12__str_concatINSt7__cxx1112basic_stringIcSt11char_traitsIcESaIcEEEET_PKNS6_10value_typeENS6_9size_typeES9_SA_RKNS6_14allocator_typeE
FNDA:2,_ZStplIcSt11char_traitsIcESaIcEENSt7__cxx1112basic_stringIT_T0_T1_EEPKS5_RKS8_
FNDA:36,_ZStplIcSt11char_traitsIcESaIcEENSt7__cxx1112basic_stringIT_T0_T1_EEOS8_RKS8_
FNDA:15,_ZStplIcSt11char_traitsIcESaIcEENSt7__cxx1112basic_stringIT_T0_T1_EEPKS5_OS8_
FNDA:38,_ZStplIcSt11char_traitsIcESaIcEENSt7__cxx1112basic_stringIT_T0_T1_EEOS8_PKS5_
FNDA:4,_ZSteqIcSt11char_traitsIcESaIcEEbRKNSt7__cxx1112basic_stringIT_T0_T1_EESA_
FNDA:7,_ZSteqIcSt11char_traitsIcESaIcEEbRKNSt7__cxx1112basic_stringIT_T0_T1_EEPKS5_
FNDA:2,_ZNSt7__cxx119to_stringEi
FNF:8
FNH:8
DA:355,0
DA:3528,2
DA:3536,2
DA:3537,2
DA:3538,2
DA:3539,2
DA:3540,2
DA:3541,0
DA:3571,2
DA:3578,4
DA:3637,36
DA:3639,36
DA:3674,15
DA:3676,15
DA:3688,38
DA:3690,38
DA:3710,4
DA:3714,4
DA:3715,4
DA:3727,7
DA:3730,7
DA:3731,7
DA:4162,2
DA:4167,2
DA:4168,2
DA:4169,2
DA:4170,2
DA:4171,2
DA:4172,2
LF:29
LH:27
end_of_record
TN:
SF:/usr/include/c++/13/bits/basic_string.tcc
FN:221,252,_ZNSt7__cxx1112basic_stringIcSt11char_traitsIcESaIcEE12_M_constructIPKcEEvT_S8_St20forward_iterator_tag
FN:221,252,_ZNSt7__cxx1112basic_stringIcSt11char_traitsIcESaIcEE12_M_constructIPcEEvT_S7_St20forward_iterator_tag
FN:239,239,_ZZNSt7__cxx1112basic_stringIcSt11char_traitsIcESaIcEE12_M_constructIPKcEEvT_S8_St20forward_iterator_tagEN6_GuardC2EPS4_
FN:239,239,_ZZNSt7__cxx1112basic_stringIcSt11char_traitsIcESaIcEE12_M_constructIPcEEvT_S7_St20forward_iterator_tagEN6_GuardC2EPS4_
FN:242,242,_ZZNSt7__cxx1112basic_stringIcSt11char_traitsIcESaIcEE12_M_constructIPKcEEvT_S8_St20forward_iterator_tagEN6_GuardD2Ev
FN:242,242,_ZZNSt7__cxx1112basic_stringIcSt11char_traitsIcESaIcEE12_M_constructIPcEEvT_S7_St20forward_iterator_tagEN6_GuardD2Ev
FNDA:0,_ZNSt7__cxx1112basic_stringIcSt11char_traitsIcESaIcEE12_M_constructIPKcEEvT_S8_St20forward_iterator_tag
FNDA:0,_ZNSt7__cxx1112basic_stringIcSt11char_traitsIcESaIcEE12_M_constructIPcEEvT_S7_St20forward_iterator_tag
FNDA:0,_ZZNSt7__cxx1112basic_stringIcSt11char_traitsIcESaIcEE12_M_constructIPKcEEvT_S8_St20forward_iterator_tagEN6_GuardC2EPS4_
FNDA:0,_ZZNSt7__cxx1112basic_stringIcSt11char_traitsIcESaIcEE12_M_constructIPcEEvT_S7_St20forward_iterator_tagEN6_GuardC2EPS4_
FNDA:0,_ZZNSt7__cxx1112basic_stringIcSt11char_traitsIcESaIcEE12_M_constructIPKcEEvT_S8_St20forward_iterator_tagEN6_GuardD2Ev
FNDA:0,_ZZNSt7__cxx1112basic_stringIcSt11char_traitsIcESaIcEE12_M_constructIPcEEvT_S7_St20forward_iterator_tagEN6_GuardD2Ev
FNF:6
FNH:0
DA:221,0
DA:225,0
DA:227,0
DA:229,0
DA:230,0
DA:239,0
DA:242,0
DA:245,0
DA:247,0
DA:249,0
DA:251,0
DA:252,0
LF:12
LH:0
end_of_record
TN:
SF:/usr/include/c++/13/bits/char_traits.h
FN:374,390,_ZNSt11char_traitsIcE7compareEPKcS2_m
FN:393,400,_ZNSt11char_traitsIcE6lengthEPKc
FN:427,436,_ZNSt11char_traitsIcE4copyEPcPKcm
FNDA:7,_ZNSt11char_traitsIcE7compareEPKcS2_m
FNDA:9,_ZNSt11char_traitsIcE6lengthEPKc
FNDA:0,_ZNSt11char_traitsIcE4copyEPcPKcm
FNF:3
FNH:2
DA:374,7
DA:376,7
DA:377,0
DA:389,7
DA:393,9
DA:399,9
DA:427,0
DA:429,0
DA:430,0
DA:435,0
LF:10
LH:5
end_of_record
TN:
SF:/usr/include/c++/13/bits/charconv.h
FN:55,74,_ZNSt8__detail14__to_chars_lenIjEEjT_i
FN:81,110,_ZNSt8__detail18__to_chars_10_implIjEEvPcjT_
FNDA:2,_ZNSt8__detail14__to_chars_lenIjEEjT_i
FNDA:2,_ZNSt8__detail18__to_chars_10_implIjEEvPcjT_
FNF:2
FNH:2
DA:55,2
DA:61,2
DA:62,2
DA:63,2
DA:64,2
DA:67,2
DA:68,0
DA:69,0
DA:70,0
DA:71,0
DA:72,0
DA:81,2
DA:87,2
DA:93,2
DA:94,2
DA:96,0
DA:97,0
DA:98,0
DA:99,0
DA:100,0
DA:102,2
DA:104,0
DA:105,0
DA:106,0
DA:109,2
DA:110,2
LF:26
LH:13
end_of_record
TN:
SF:/usr/include/c++/13/bits/chrono.h
FN:196,200,_ZNSt6chrono20__duration_cast_implINS_8durationIlSt5ratioILl1ELl1EEEES3_lLb1ELb1EE6__castIlS3_EES4_RKNS1_IT_T0_EE
FN:221,226,_ZNSt6chrono20__duration_cast_implINS_8durationIlSt5ratioILl1ELl1000000000EEEES2_ILl1000000000ELl1EElLb0ELb1EE6__castIlS2_ILl1ELl1EEEES4_RKNS1_IT_T0_EE
FN:273,291,_ZNSt6chrono13duration_castINS_8durationIlSt5ratioILl1ELl1000000000EEEElS2_ILl1ELl1EEEENSt9enable_ifIXsrNS_13__is_durationIT_EE5valueES8_E4typeERKNS1_IT0_T1_EE
FN:273,291,_ZNSt6chrono13duration_castINS_8durationIlSt5ratioILl1ELl1EEEElS3_EENSt9enable_ifIXsrNS_13__is_durationIT_EE5valueES7_E4typeERKNS1_IT0_T1_EE
FN:498,499,_ZNSt6chrono15duration_valuesIlE4zeroEv
FN:573,574,_ZNSt6chrono8durationIlSt5ratioILl1ELl1000000000EEEC1IlvEERKT_
FN:573,574,_ZNSt6chrono8durationIlSt5ratioILl1ELl1EEEC2IivEERKT_
FN:573,574,_ZNSt6chrono8durationIlSt5ratioILl1ELl1EEEC2IlvEERKT_
FN:589,590,_ZNKSt6chrono8durationIlSt5ratioILl1ELl1000000000EEE5countEv
FN:589,590,_ZNKSt6chrono8durationIlSt5ratioILl1ELl1EEE5countEv
FN:673,674,_ZNSt6chrono8durationIlSt5ratioILl1ELl1EEE4zeroEv
FN:710,717,_ZNSt6chronomiIlSt5ratioILl1ELl1EElS2_EENSt11common_typeIJNS_8durationIT_T0_EENS4_IT1_T2_EEEE4typeERKS7_RKSA_
FN:822,829,_ZNSt6chronoltIlSt5ratioILl1ELl1EElS2_EEbRKNS_8durationIT_T0_EERKNS3_IT1_T2_EE
FN:855,857,_ZNSt6chronoleIlSt5ratioILl1ELl1EElS2_EEbRKNS_8durationIT_T0_EERKNS3_IT1_T2_EE
FNDA:1,_ZNSt6chrono20__duration_cast_implINS_8durationIlSt5ratioILl1ELl1EEEES3_lLb1ELb1EE6__castIlS3_EES4_RKNS1_IT_T0_EE
FNDA:1,_ZNSt6chrono20__duration_cast_implINS_8durationIlSt5ratioILl1ELl1000000000EEEES2_ILl1000000000ELl1EElLb0ELb1EE6__castIlS2_ILl1ELl1EEEES4_RKNS1_IT_T0_EE
FNDA:1,_ZNSt6chrono13duration_castINS_8durationIlSt5ratioILl1ELl1000000000EEEElS2_ILl1ELl1EEEENSt9enable_ifIXsrNS_13__is_durationIT_EE5valueES8_E4typeERKNS1_IT0_T1_EE
FNDA:1,_ZNSt6chrono13duration_castINS_8durationIlSt5ratioILl1ELl1EEEElS3_EENSt9enable_ifIXsrNS_13__is_durationIT_EE5valueES7_E4typeERKNS1_IT0_T1_EE
FNDA:1,_ZNSt6chrono15duration_valuesIlE4zeroEv
FNDA:1,_ZNSt6chrono8durationIlSt5ratioILl1ELl1000000000EEEC1IlvEERKT_
FNDA:1,_ZNSt6chrono8durationIlSt5ratioILl1ELl1EEEC2IivEERKT_
FNDA:3,_ZNSt6chrono8durationIlSt5ratioILl1ELl1EEEC2IlvEERKT_
FNDA:1,_ZNKSt6chrono8durationIlSt5ratioILl1ELl1000000000EEE5countEv
FNDA:7,_ZNKSt6chrono8durationIlSt5ratioILl1ELl1EEE5countEv
FNDA:1,_ZNSt6chrono8durationIlSt5ratioILl1ELl1EEE4zeroEv
FNDA:1,_ZNSt6chronomiIlSt5ratioILl1ELl1EElS2_EENSt11common_typeIJNS_8durationIT_T0_EENS4_IT1_T2_EEEE4typeERKS7_RKSA_
FNDA:1,_ZNSt6chronoltIlSt5ratioILl1ELl1EElS2_EEbRKNS_8durationIT_T0_EERKNS3_IT1_T2_EE
FNDA:1,_ZNSt6chronoleIlSt5ratioILl1ELl1EElS2_EEbRKNS_8durationIT_T0_EERKNS3_IT1_T2_EE
FNF:14
FNH:14
DA:196,1
DA:199,1
DA:221,1
DA:224,2
DA:225,1
DA:273,2
DA:287,2
DA:498,1
DA:499,1
DA:573,5
DA:574,5
DA:589,8
DA:590,8
DA:673,1
DA:674,1
DA:710,1
DA:716,1
DA:822,1
DA:828,1
DA:855,1
DA:857,1
LF:21
LH:21
end_of_record
TN:
SF:/usr/include/c++/13/bits/cpp_type_traits.h
FN:607,608,_ZSt12__miter_baseIN9__gnu_cxx17__normal_iteratorIPKP4UserSt6vectorIS3_SaIS3_EEEEET_SA_
FN:607,608,_ZSt12__miter_baseIN9__gnu_cxx17__normal_iteratorIPP4UserSt6vectorIS3_SaIS3_EEEEET_S9_
FN:607,608,_ZSt12__miter_baseIN9__gnu_cxx17__normal_iteratorIPP8ChatRoomSt6vectorIS3_SaIS3_EEEEET_S9_
FN:607,608,_ZSt12__miter_baseIN9__gnu_cxx17__normal_iteratorIPP8ObserverSt6vectorIS3_SaIS3_EEEEET_S9_
FN:607,608,_ZSt12__miter_baseIPKP4UserET_S4_
FN:607,608,_ZSt12__miter_baseIPP4UserET_S3_
FN:607,608,_ZSt12__miter_baseIPP8ChatRoomET_S3_
FN:607,608,_ZSt12__miter_baseIPP8ObserverET_S3_
FNDA:6,_ZSt12__miter_baseIN9__gnu_cxx17__normal_iteratorIPKP4UserSt6vectorIS3_SaIS3_EEEEET_SA_
FNDA:2,_ZSt12__miter_baseIN9__gnu_cxx17__normal_iteratorIPP4UserSt6vectorIS3_SaIS3_EEEEET_S9_
FNDA:0,_ZSt12__miter_baseIN9__gnu_cxx17__normal_iteratorIPP8ChatRoomSt6vectorIS3_SaIS3_EEEEET_S9_
FNDA:0,_ZSt12__miter_baseIN9__gnu_cxx17__normal_iteratorIPP8ObserverSt6vectorIS3_SaIS3_EEEEET_S9_
FNDA:2,_ZSt12__miter_baseIPKP4UserET_S4_
FNDA:0,_ZSt12__miter_baseIPP4UserET_S3_
FNDA:0,_ZSt12__miter_baseIPP8ChatRoomET_S3_
FNDA:0,_ZSt12__miter_baseIPP8ObserverET_S3_
FNF:8
FNH:3
DA:607,10
DA:608,10
LF:2
LH:2
end_of_record
TN:
SF:/usr/include/c++/13/bits/list.tcc
FN:66,83,_ZNSt7__cxx1110_List_baseINS_12basic_stringIcSt11char_traitsIcESaIcEEESaIS5_EE8_M_clearEv
FN:66,83,_ZNSt7__cxx1110_List_baseIP7CommandSaIS2_EE8_M_clearEv
FNDA:13,_ZNSt7__cxx1110_List_baseINS_12basic_stringIcSt11char_traitsIcESaIcEEESaIS5_EE8_M_clearEv
FNDA:62,_ZNSt7__cxx1110_List_baseIP7CommandSaIS2_EE8_M_clearEv
FNF:2
FNH:2
DA:66,75
DA:70,75
DA:71,140
DA:73,65
DA:74,65
DA:75,65
DA:77,65
DA:81,65
DA:83,75
LF:9
LH:9
end_of_record
TN:
SF:/usr/include/c++/13/bits/move.h
FN:51,52,_ZSt11__addressofINSt7__cxx1112basic_stringIcSt11char_traitsIcESaIcEEEEPT_RS6_
FN:51,52,_ZSt11__addressofISaISt10_List_nodeINSt7__cxx1112basic_stringIcSt11char_traitsIcESaIcEEEEEEPT_RS9_
FN:51,52,_ZSt11__addressofISaISt10_List_nodeIP7CommandEEEPT_RS5_
FN:70,71,_ZSt7forwardINSt7__cxx1112basic_stringIcSt11char_traitsIcESaIcEEEEOT_RNSt16remove_referenceIS6_E4typeE
FN:70,71,_ZSt7forwardIRKNSt7__cxx1112basic_stringIcSt11char_traitsIcESaIcEEEEOT_RNSt16remove_referenceIS8_E4typeE
FN:70,71,_ZSt7forwardIRKP4UserEOT_RNSt16remove_referenceIS4_E4typeE
FN:70,71,_ZSt7forwardIRKP7CommandEOT_RNSt16remove_referenceIS4_E4typeE
FN:70,71,_ZSt7forwardIRKP8ChatRoomEOT_RNSt16remove_referenceIS4_E4typeE
FN:70,71,_ZSt7forwardIRKP8ObserverEOT_RNSt16remove_referenceIS4_E4typeE
FN:70,71,_ZSt7forwardIRKPKcEOT_RNSt16remove_referenceIS4_E4typeE
FN:97,98,_ZSt4moveIRNSt7__cxx1112basic_stringIcSt11char_traitsIcESaIcEEEEONSt16remove_referenceIT_E4typeEOS8_
FN:97,98,_ZSt4moveIRP4UserEONSt16remove_referenceIT_E4typeEOS4_
FN:97,98,_ZSt4moveIRP8ChatRoomEONSt16remove_referenceIT_E4typeEOS4_
FN:97,98,_ZSt4moveIRP8ObserverEONSt16remove_referenceIT_E4typeEOS4_
FN:97,98,_ZSt4moveIRPP4UserEONSt16remove_referenceIT_E4typeEOS5_
FN:97,98,_ZSt4moveIRPP8ChatRoomEONSt16remove_referenceIT_E4typeEOS5_
FN:97,98,_ZSt4moveIRPP8ObserverEONSt16remove_referenceIT_E4typeEOS5_
FN:97,98,_ZSt4moveIRSaISt10_List_nodeINSt7__cxx1112basic_stringIcSt11char_traitsIcESaIcEEEEEEONSt16remove_referenceIT_E4typeEOSB_
FN:97,98,_ZSt4moveIRSaIcEEONSt16remove_referenceIT_E4typeEOS3_
FNDA:8,_ZSt11__addressofINSt7__cxx1112basic_stringIcSt11char_traitsIcESaIcEEEEPT_RS6_
FNDA:50,_ZSt11__addressofISaISt10_List_nodeINSt7__cxx1112basic_stringIcSt11char_traitsIcESaIcEEEEEEPT_RS9_
FNDA:15,_ZSt11__addressofISaISt10_List_nodeIP7CommandEEEPT_RS5_
FNDA:100,_ZSt7forwardINSt7__cxx1112basic_stringIcSt11char_traitsIcESaIcEEEEOT_RNSt16remove_referenceIS6_E4typeE
FNDA:96,_ZSt7forwardIRKNSt7__cxx1112basic_stringIcSt11char_traitsIcESaIcEEEEOT_RNSt16remove_referenceIS8_E4typeE
FNDA:71,_ZSt7forwardIRKP4UserEOT_RNSt16remove_referenceIS4_E4typeE
FNDA:60,_ZSt7forwardIRKP7CommandEOT_RNSt16remove_referenceIS4_E4typeE
FNDA:71,_ZSt7forwardIRKP8ChatRoomEOT_RNSt16remove_referenceIS4_E4typeE
FNDA:9,_ZSt7forwardIRKP8ObserverEOT_RNSt16remove_referenceIS4_E4typeE
FNDA:24,_ZSt7forwardIRKPKcEOT_RNSt16remove_referenceIS4_E4typeE
FNDA:114,_ZSt4moveIRNSt7__cxx1112basic_stringIcSt11char_traitsIcESaIcEEEEONSt16remove_referenceIT_E4typeEOS8_
FNDA:1,_ZSt4moveIRP4UserEONSt16remove_referenceIT_E4typeEOS4_
FNDA:0,_ZSt4moveIRP8ChatRoomEONSt16remove_referenceIT_E4typeEOS4_
FNDA:0,_ZSt4moveIRP8ObserverEONSt16remove_referenceIT_E4typeEOS4_
FNDA:0,_ZSt4moveIRPP4UserEONSt16remove_referenceIT_E4typeEOS5_
FNDA:0,_ZSt4moveIRPP8ChatRoomEONSt16remove_referenceIT_E4typeEOS5_
FNDA:0,_ZSt4moveIRPP8ObserverEONSt16remove_referenceIT_E4typeEOS5_
FNDA:6,_ZSt4moveIRSaISt10_List_nodeINSt7__cxx1112basic_stringIcSt11char_traitsIcESaIcEEEEEEONSt16remove_referenceIT_E4typeEOSB_
FNDA:0,_ZSt4moveIRSaIcEEONSt16remove_referenceIT_E4typeEOS3_
FNF:19
FNH:13
DA:51,73
DA:52,73
DA:70,431
DA:71,431
DA:97,121
DA:98,121
LF:6
LH:6
end_of_record
TN:
SF:/usr/include/c++/13/bits/new_allocator.h
FN:104,104,_ZNSt15__new_allocatorINSt7__cxx1112basic_stringIcSt11char_traitsIcESaIcEEEED2Ev
FN:104,104,_ZNSt15__new_allocatorIP4UserED2Ev
FN:104,104,_ZNSt15__new_allocatorIP8ChatRoomED2Ev
FN:104,104,_ZNSt15__new_allocatorIP8ObserverED2Ev
FN:104,104,_ZNSt15__new_allocatorISt10_List_nodeINSt7__cxx1112basic_stringIcSt11char_traitsIcESaIcEEEEED2Ev
FN:104,104,_ZNSt15__new_allocatorISt10_List_nodeIP7CommandEED2Ev
FN:104,104,_ZNSt15__new_allocatorIcED2Ev
FN:126,152,_ZNSt15__new_allocatorINSt7__cxx1112basic_stringIcSt11char_traitsIcESaIcEEEE8allocateEmPKv
FN:126,152,_ZNSt15__new_allocatorIP4UserE8allocateEmPKv
FN:126,152,_ZNSt15__new_allocatorIP8ChatRoomE8allocateEmPKv
FN:126,152,_ZNSt15__new_allocatorIP8ObserverE8allocateEmPKv
FN:126,152,_ZNSt15__new_allocatorISt10_List_nodeINSt7__cxx1112basic_stringIcSt11char_traitsIcESaIcEEEEE8allocateEmPKv
FN:126,152,_ZNSt15__new_allocatorISt10_List_nodeIP7CommandEE8allocateEmPKv
FN:156,173,_ZNSt15__new_allocatorINSt7__cxx1112basic_stringIcSt11char_traitsIcESaIcEEEE10deallocateEPS5_m
FN:156,173,_ZNSt15__new_allocatorIP4UserE10deallocateEPS1_m
FN:156,173,_ZNSt15__new_allocatorIP8ChatRoomE10deallocateEPS1_m
FN:156,173,_ZNSt15__new_allocatorIP8ObserverE10deallocateEPS1_m
FN:156,173,_ZNSt15__new_allocatorISt10_List_nodeINSt7__cxx1112basic_stringIcSt11char_traitsIcESaIcEEEEE10deallocateEPS7_m
FN:156,173,_ZNSt15__new_allocatorISt10_List_nodeIP7CommandEE10deallocateEPS3_m
FNDA:8,_ZNSt15__new_allocatorINSt7__cxx1112basic_stringIcSt11char_traitsIcESaIcEEEED2Ev
FNDA:19,_ZNSt15__new_allocatorIP4UserED2Ev
FNDA:27,_ZNSt15__new_allocatorIP8ChatRoomED2Ev
FNDA:10,_ZNSt15__new_allocatorIP8ObserverED2Ev
FNDA:16,_ZNSt15__new_allocatorISt10_List_nodeINSt7__cxx1112basic_stringIcSt11char_traitsIcESaIcEEEEED2Ev
FNDA:27,_ZNSt15__new_allocatorISt10_List_nodeIP7CommandEED2Ev
FNDA:156,_ZNSt15__new_allocatorIcED2Ev
FNDA:1,_ZNSt15__new_allocatorINSt7__cxx1112basic_stringIcSt11char_traitsIcESaIcEEEE8allocateEmPKv
FNDA:27,_ZNSt15__new_allocatorIP4UserE8allocateEmPKv
FNDA:23,_ZNSt15__new_allocatorIP8ChatRoomE8allocateEmPKv
FNDA:3,_ZNSt15__new_allocatorIP8ObserverE8allocateEmPKv
FNDA:50,_ZNSt15__new_allocatorISt10_List_nodeINSt7__cxx1112basic_stringIcSt11char_traitsIcESaIcEEEEE8allocateEmPKv
FNDA:15,_ZNSt15__new_allocatorISt10_List_nodeIP7CommandEE8allocateEmPKv
FNDA:1,_ZNSt15__new_allocatorINSt7__cxx1112basic_stringIcSt11char_traitsIcESaIcEEEE10deallocateEPS5_m
FNDA:27,_ZNSt15__new_allocatorIP4UserE10deallocateEPS1_m
FNDA:23,_ZNSt15__new_allocatorIP8ChatRoomE10deallocateEPS1_m
FNDA:3,_ZNSt15__new_allocatorIP8ObserverE10deallocateEPS1_m
FNDA:50,_ZNSt15__new_allocatorISt10_List_nodeINSt7__cxx1112basic_stringIcSt11char_traitsIcESaIcEEEEE10deallocateEPS7_m
FNDA:15,_ZNSt15__new_allocatorISt10_List_nodeIP7CommandEE10deallocateEPS3_m
FNF:19
FNH:19
DA:88,240
DA:92,17
DA:104,263
DA:126,119
DA:134,119
DA:138,0
DA:139,0
DA:140,0
DA:151,119
DA:156,119
DA:172,119
DA:173,119
DA:183,100
DA:191,120
DA:198,72
DA:233,219
LF:16
LH:13
end_of_record
TN:
SF:/usr/include/c++/13/bits/predefined_ops.h
FN:262,264,_ZN9__gnu_cxx5__ops16_Iter_equals_valIKP4UserEC2ERS4_
FN:262,264,_ZN9__gnu_cxx5__ops16_Iter_equals_valIKP8ChatRoomEC2ERS4_
FN:269,270,_ZN9__gnu_cxx5__ops16_Iter_equals_valIKP4UserEclINS_17__normal_iteratorIPS3_St6vectorIS3_SaIS3_EEEEEEbT_
FN:269,270,_ZN9__gnu_cxx5__ops16_Iter_equals_valIKP8ChatRoomEclINS_17__normal_iteratorIPS3_St6vectorIS3_SaIS3_EEEEEEbT_
FN:269,270,_ZN9__gnu_cxx5__ops16_Iter_equals_valIKP8ChatRoomEclINS_17__normal_iteratorIPS4_St6vectorIS3_SaIS3_EEEEEEbT_
FN:276,277,_ZN9__gnu_cxx5__ops17__iter_equals_valIKP4UserEENS0_16_Iter_equals_valIT_EERS6_
FN:276,277,_ZN9__gnu_cxx5__ops17__iter_equals_valIKP8ChatRoomEENS0_16_Iter_equals_valIT_EERS6_
FNDA:86,_ZN9__gnu_cxx5__ops16_Iter_equals_valIKP4UserEC2ERS4_
FNDA:36,_ZN9__gnu_cxx5__ops16_Iter_equals_valIKP8ChatRoomEC2ERS4_
FNDA:130,_ZN9__gnu_cxx5__ops16_Iter_equals_valIKP4UserEclINS_17__normal_iteratorIPS3_St6vectorIS3_SaIS3_EEEEEEbT_
FNDA:2,_ZN9__gnu_cxx5__ops16_Iter_equals_valIKP8ChatRoomEclINS_17__normal_iteratorIPS3_St6vectorIS3_SaIS3_EEEEEEbT_
FNDA:14,_ZN9__gnu_cxx5__ops16_Iter_equals_valIKP8ChatRoomEclINS_17__normal_iteratorIPS4_St6vectorIS3_SaIS3_EEEEEEbT_
FNDA:86,_ZN9__gnu_cxx5__ops17__iter_equals_valIKP4UserEENS0_16_Iter_equals_valIT_EERS6_
FNDA:36,_ZN9__gnu_cxx5__ops17__iter_equals_valIKP8ChatRoomEENS0_16_Iter_equals_valIT_EERS6_
FNF:7
FNH:7
DA:262,122
DA:263,122
DA:264,122
DA:269,146
DA:270,146
DA:276,122
DA:277,122
LF:7
LH:7
end_of_record
TN:
SF:/usr/include/c++/13/bits/stl_algo.h
FN:3889,3899,_ZSt4findIN9__gnu_cxx17__normal_iteratorIPKP8ChatRoomSt6vectorIS3_SaIS3_EEEES3_ET_SA_SA_RKT0_
FN:3889,3899,_ZSt4findIN9__gnu_cxx17__normal_iteratorIPP4UserSt6vectorIS3_SaIS3_EEEES3_ET_S9_S9_RKT0_
FN:3889,3899,_ZSt4findIN9__gnu_cxx17__normal_iteratorIPP8ChatRoomSt6vectorIS3_SaIS3_EEEES3_ET_S9_S9_RKT0_
FNDA:34,_ZSt4findIN9__gnu_cxx17__normal_iteratorIPKP8ChatRoomSt6vectorIS3_SaIS3_EEEES3_ET_SA_SA_RKT0_
FNDA:86,_ZSt4findIN9__gnu_cxx17__normal_iteratorIPP4UserSt6vectorIS3_SaIS3_EEEES3_ET_S9_S9_RKT0_
FNDA:2,_ZSt4findIN9__gnu_cxx17__normal_iteratorIPP8ChatRoomSt6vectorIS3_SaIS3_EEEES3_ET_S9_S9_RKT0_
FNF:3
FNH:3
DA:3889,122
DA:3897,122
DA:3898,122
LF:3
LH:3
end_of_record
TN:
SF:/usr/include/c++/13/bits/stl_algobase.h
FN:2064,2110,_ZSt9__find_ifIN9__gnu_cxx17__normal_iteratorIPKP8ChatRoomSt6vectorIS3_SaIS3_EEEENS0_5__ops16_Iter_equals_valIS4_EEET_SD_SD_T0_St26random_access_iterator_tag
FN:2064,2110,_ZSt9__find_ifIN9__gnu_cxx17__normal_iteratorIPP4UserSt6vectorIS3_SaIS3_EEEENS0_5__ops16_Iter_equals_valIKS3_EEET_SD_SD_T0_St26random_access_iterator_tag
FN:2064,2110,_ZSt9__find_ifIN9__gnu_cxx17__normal_iteratorIPP8ChatRoomSt6vectorIS3_SaIS3_EEEENS0_5__ops16_Iter_equals_valIKS3_EEET_SD_SD_T0_St26random_access_iterator_tag
FN:2115,2119,_ZSt9__find_ifIN9__gnu_cxx17__normal_iteratorIPKP8ChatRoomSt6vectorIS3_SaIS3_EEEENS0_5__ops16_Iter_equals_valIS4_EEET_SD_SD_T0_
FN:2115,2119,_ZSt9__find_ifIN9__gnu_cxx17__normal_iteratorIPP4UserSt6vectorIS3_SaIS3_EEEENS0_5__ops16_Iter_equals_valIKS3_EEET_SD_SD_T0_
FN:2115,2119,_ZSt9__find_ifIN9__gnu_cxx17__normal_iteratorIPP8ChatRoomSt6vectorIS3_SaIS3_EEEENS0_5__ops16_Iter_equals_valIKS3_EEET_SD_SD_T0_
FN:233,241,_ZSt3minImERKT_S2_S2_
FN:257,265,_ZSt3maxImERKT_S2_S2_
FN:316,318,_ZSt12__niter_baseIPKP4UserET_S4_
FN:316,318,_ZSt12__niter_baseIPP4UserET_S3_
FN:316,318,_ZSt12__niter_baseIPP8ChatRoomET_S3_
FN:316,318,_ZSt12__niter_baseIPP8ObserverET_S3_
FN:331,332,_ZSt12__niter_wrapIN9__gnu_cxx17__normal_iteratorIPP4UserSt6vectorIS3_SaIS3_EEEES4_ET_S9_T0_
FN:331,332,_ZSt12__niter_wrapIN9__gnu_cxx17__normal_iteratorIPP8ChatRoomSt6vectorIS3_SaIS3_EEEES4_ET_S9_T0_
FN:331,332,_ZSt12__niter_wrapIN9__gnu_cxx17__normal_iteratorIPP8ObserverSt6vectorIS3_SaIS3_EEEES4_ET_S9_T0_
FN:338,339,_ZSt12__niter_wrapIPP4UserET_RKS3_S3_
FN:338,339,_ZSt12__niter_wrapIPP8ChatRoomET_RKS3_S3_
FN:338,339,_ZSt12__niter_wrapIPP8ObserverET_RKS3_S3_
FN:397,398,_ZNSt11__copy_moveILb0ELb0ESt26random_access_iterator_tagE12__assign_oneIP4UserKS4_EEvPT_PT0_
FN:422,423,_ZNSt11__copy_moveILb1ELb0ESt26random_access_iterator_tagE12__assign_oneIP4UserS4_EEvPT_PT0_
FN:422,423,_ZNSt11__copy_moveILb1ELb0ESt26random_access_iterator_tagE12__assign_oneIP8ChatRoomS4_EEvPT_PT0_
FN:422,423,_ZNSt11__copy_moveILb1ELb0ESt26random_access_iterator_tagE12__assign_oneIP8ObserverS4_EEvPT_PT0_
FN:433,442,_ZNSt11__copy_moveILb0ELb1ESt26random_access_iterator_tagE8__copy_mIKP4UserS4_EEPT0_PT_S9_S7_
FN:433,442,_ZNSt11__copy_moveILb1ELb1ESt26random_access_iterator_tagE8__copy_mIP4UserS4_EEPT0_PT_S8_S6_
FN:433,442,_ZNSt11__copy_moveILb1ELb1ESt26random_access_iterator_tagE8__copy_mIP8ChatRoomS4_EEPT0_PT_S8_S6_
FN:433,442,_ZNSt11__copy_moveILb1ELb1ESt26random_access_iterator_tagE8__copy_mIP8ObserverS4_EEPT0_PT_S8_S6_
FN:497,507,_ZSt14__copy_move_a2ILb0EPKP4UserPS1_ET1_T0_S6_S5_
FN:497,507,_ZSt14__copy_move_a2ILb1EPP4UserS2_ET1_T0_S4_S3_
FN:497,507,_ZSt14__copy_move_a2ILb1EPP8ChatRoomS2_ET1_T0_S4_S3_
FN:497,507,_ZSt14__copy_move_a2ILb1EPP8ObserverS2_ET1_T0_S4_S3_
FN:532,533,_ZSt14__copy_move_a1ILb0EPKP4UserPS1_ET1_T0_S6_S5_
FN:532,533,_ZSt14__copy_move_a1ILb1EPP4UserS2_ET1_T0_S4_S3_
FN:532,533,_ZSt14__copy_move_a1ILb1EPP8ChatRoomS2_ET1_T0_S4_S3_
FN:532,533,_ZSt14__copy_move_a1ILb1EPP8ObserverS2_ET1_T0_S4_S3_
FN:538,544,_ZSt13__copy_move_aILb0EN9__gnu_cxx17__normal_iteratorIPKP4UserSt6vectorIS3_SaIS3_EEEEPS3_ET1_T0_SC_SB_
FN:538,544,_ZSt13__copy_move_aILb0EPKP4UserPS1_ET1_T0_S6_S5_
FN:538,544,_ZSt13__copy_move_aILb1EN9__gnu_cxx17__normal_iteratorIPP4UserSt6vectorIS3_SaIS3_EEEES8_ET1_T0_SA_S9_
FN:538,544,_ZSt13__copy_move_aILb1EN9__gnu_cxx17__normal_iteratorIPP8ChatRoomSt6vectorIS3_SaIS3_EEEES8_ET1_T0_SA_S9_
FN:538,544,_ZSt13__copy_move_aILb1EN9__gnu_cxx17__normal_iteratorIPP8ObserverSt6vectorIS3_SaIS3_EEEES8_ET1_T0_SA_S9_
FN:538,544,_ZSt13__copy_move_aILb1EPP4UserS2_ET1_T0_S4_S3_
FN:538,544,_ZSt13__copy_move_aILb1EPP8ChatRoomS2_ET1_T0_S4_S3_
FN:538,544,_ZSt13__copy_move_aILb1EPP8ObserverS2_ET1_T0_S4_S3_
FN:624,634,_ZSt4copyIN9__gnu_cxx17__normal_iteratorIPKP4UserSt6vectorIS3_SaIS3_EEEEPS3_ET0_T_SC_SB_
FN:624,634,_ZSt4copyIPKP4UserPS1_ET0_T_S6_S5_
FN:624,634,_ZSt4copyISt13move_iteratorIPP4UserES3_ET0_T_S6_S5_
FN:624,634,_ZSt4copyISt13move_iteratorIPP8ChatRoomES3_ET0_T_S6_S5_
FN:624,634,_ZSt4copyISt13move_iteratorIPP8ObserverES3_ET0_T_S6_S5_
FN:657,667,_ZSt4moveIN9__gnu_cxx17__normal_iteratorIPP4UserSt6vectorIS3_SaIS3_EEEES8_ET0_T_SA_S9_
FN:657,667,_ZSt4moveIN9__gnu_cxx17__normal_iteratorIPP8ChatRoomSt6vectorIS3_SaIS3_EEEES8_ET0_T_SA_S9_
FN:657,667,_ZSt4moveIN9__gnu_cxx17__normal_iteratorIPP8ObserverSt6vectorIS3_SaIS3_EEEES8_ET0_T_SA_S9_
FNDA:34,_ZSt9__find_ifIN9__gnu_cxx17__normal_iteratorIPKP8ChatRoomSt6vectorIS3_SaIS3_EEEENS0_5__ops16_Iter_equals_valIS4_EEET_SD_SD_T0_St26random_access_iterator_tag
FNDA:86,_ZSt9__find_ifIN9__gnu_cxx17__normal_iteratorIPP4UserSt6vectorIS3_SaIS3_EEEENS0_5__ops16_Iter_equals_valIKS3_EEET_SD_SD_T0_St26random_access_iterator_tag
FNDA:2,_ZSt9__find_ifIN9__gnu_cxx17__normal_iteratorIPP8ChatRoomSt6vectorIS3_SaIS3_EEEENS0_5__ops16_Iter_equals_valIKS3_EEET_SD_SD_T0_St26random_access_iterator_tag
FNDA:34,_ZSt9__find_ifIN9__gnu_cxx17__normal_iteratorIPKP8ChatRoomSt6vectorIS3_SaIS3_EEEENS0_5__ops16_Iter_equals_valIS4_EEET_SD_SD_T0_
FNDA:86,_ZSt9__find_ifIN9__gnu_cxx17__normal_iteratorIPP4UserSt6vectorIS3_SaIS3_EEEENS0_5__ops16_Iter_equals_valIKS3_EEET_SD_SD_T0_
FNDA:2,_ZSt9__find_ifIN9__gnu_cxx17__normal_iteratorIPP8ChatRoomSt6vectorIS3_SaIS3_EEEENS0_5__ops16_Iter_equals_valIKS3_EEET_SD_SD_T0_
FNDA:100,_ZSt3minImERKT_S2_S2_
FNDA:49,_ZSt3maxImERKT_S2_S2_
FNDA:2,_ZSt12__niter_baseIPKP4UserET_S4_
FNDA:142,_ZSt12__niter_baseIPP4UserET_S3_
FNDA:138,_ZSt12__niter_baseIPP8ChatRoomET_S3_
FNDA:18,_ZSt12__niter_baseIPP8ObserverET_S3_
FNDA:1,_ZSt12__niter_wrapIN9__gnu_cxx17__normal_iteratorIPP4UserSt6vectorIS3_SaIS3_EEEES4_ET_S9_T0_
FNDA:0,_ZSt12__niter_wrapIN9__gnu_cxx17__normal_iteratorIPP8ChatRoomSt6vectorIS3_SaIS3_EEEES4_ET_S9_T0_
FNDA:0,_ZSt12__niter_wrapIN9__gnu_cxx17__normal_iteratorIPP8ObserverSt6vectorIS3_SaIS3_EEEES4_ET_S9_T0_
FNDA:4,_ZSt12__niter_wrapIPP4UserET_RKS3_S3_
FNDA:0,_ZSt12__niter_wrapIPP8ChatRoomET_RKS3_S3_
FNDA:0,_ZSt12__niter_wrapIPP8ObserverET_RKS3_S3_
FNDA:0,_ZNSt11__copy_moveILb0ELb0ESt26random_access_iterator_tagE12__assign_oneIP4UserKS4_EEvPT_PT0_
FNDA:1,_ZNSt11__copy_moveILb1ELb0ESt26random_access_iterator_tagE12__assign_oneIP4UserS4_EEvPT_PT0_
FNDA:0,_ZNSt11__copy_moveILb1ELb0ESt26random_access_iterator_tagE12__assign_oneIP8ChatRoomS4_EEvPT_PT0_
FNDA:0,_ZNSt11__copy_moveILb1ELb0ESt26random_access_iterator_tagE12__assign_oneIP8ObserverS4_EEvPT_PT0_
FNDA:4,_ZNSt11__copy_moveILb0ELb1ESt26random_access_iterator_tagE8__copy_mIKP4UserS4_EEPT0_PT_S9_S7_
FNDA:1,_ZNSt11__copy_moveILb1ELb1ESt26random_access_iterator_tagE8__copy_mIP4UserS4_EEPT0_PT_S8_S6_
FNDA:0,_ZNSt11__copy_moveILb1ELb1ESt26random_access_iterator_tagE8__copy_mIP8ChatRoomS4_EEPT0_PT_S8_S6_
FNDA:0,_ZNSt11__copy_moveILb1ELb1ESt26random_access_iterator_tagE8__copy_mIP8ObserverS4_EEPT0_PT_S8_S6_
FNDA:4,_ZSt14__copy_move_a2ILb0EPKP4UserPS1_ET1_T0_S6_S5_
FNDA:1,_ZSt14__copy_move_a2ILb1EPP4UserS2_ET1_T0_S4_S3_
FNDA:0,_ZSt14__copy_move_a2ILb1EPP8ChatRoomS2_ET1_T0_S4_S3_
FNDA:0,_ZSt14__copy_move_a2ILb1EPP8ObserverS2_ET1_T0_S4_S3_
FNDA:4,_ZSt14__copy_move_a1ILb0EPKP4UserPS1_ET1_T0_S6_S5_
FNDA:1,_ZSt14__copy_move_a1ILb1EPP4UserS2_ET1_T0_S4_S3_
FNDA:0,_ZSt14__copy_move_a1ILb1EPP8ChatRoomS2_ET1_T0_S4_S3_
FNDA:0,_ZSt14__copy_move_a1ILb1EPP8ObserverS2_ET1_T0_S4_S3_
FNDA:3,_ZSt13__copy_move_aILb0EN9__gnu_cxx17__normal_iteratorIPKP4UserSt6vectorIS3_SaIS3_EEEEPS3_ET1_T0_SC_SB_
FNDA:1,_ZSt13__copy_move_aILb0EPKP4UserPS1_ET1_T0_S6_S5_
FNDA:1,_ZSt13__copy_move_aILb1EN9__gnu_cxx17__normal_iteratorIPP4UserSt6vectorIS3_SaIS3_EEEES8_ET1_T0_SA_S9_
FNDA:0,_ZSt13__copy_move_aILb1EN9__gnu_cxx17__normal_iteratorIPP8ChatRoomSt6vectorIS3_SaIS3_EEEES8_ET1_T0_SA_S9_
FNDA:0,_ZSt13__copy_move_aILb1EN9__gnu_cxx17__normal_iteratorIPP8ObserverSt6vectorIS3_SaIS3_EEEES8_ET1_T0_SA_S9_
FNDA:0,_ZSt13__copy_move_aILb1EPP4UserS2_ET1_T0_S4_S3_
FNDA:0,_ZSt13__copy_move_aILb1EPP8ChatRoomS2_ET1_T0_S4_S3_
FNDA:0,_ZSt13__copy_move_aILb1EPP8ObserverS2_ET1_T0_S4_S3_
FNDA:3,_ZSt4copyIN9__gnu_cxx17__normal_iteratorIPKP4UserSt6vectorIS3_SaIS3_EEEEPS3_ET0_T_SC_SB_
FNDA:1,_ZSt4copyIPKP4UserPS1_ET0_T_S6_S5_
FNDA:0,_ZSt4copyISt13move_iteratorIPP4UserES3_ET0_T_S6_S5_
FNDA:0,_ZSt4copyISt13move_iteratorIPP8ChatRoomES3_ET0_T_S6_S5_
FNDA:0,_ZSt4copyISt13move_iteratorIPP8ObserverES3_ET0_T_S6_S5_
FNDA:1,_ZSt4moveIN9__gnu_cxx17__normal_iteratorIPP4UserSt6vectorIS3_SaIS3_EEEES8_ET0_T_SA_S9_
FNDA:0,_ZSt4moveIN9__gnu_cxx17__normal_iteratorIPP8ChatRoomSt6vectorIS3_SaIS3_EEEES8_ET0_T_SA_S9_
FNDA:0,_ZSt4moveIN9__gnu_cxx17__normal_iteratorIPP8ObserverSt6vectorIS3_SaIS3_EEEES8_ET0_T_SA_S9_
FNF:50
FNH:27
DA:233,100
DA:238,100
DA:239,0
DA:240,100
DA:257,49
DA:262,49
DA:263,31
DA:264,18
DA:316,300
DA:318,300
DA:331,1
DA:332,1
DA:338,4
DA:339,4
DA:397,0
DA:398,0
DA:422,1
DA:423,1
DA:433,5
DA:435,5
DA:436,5
DA:437,4
DA:438,1
DA:440,1
DA:441,5
DA:497,5
DA:506,5
DA:532,5
DA:533,5
DA:538,5
DA:540,5
DA:543,5
DA:624,4
DA:633,4
DA:657,1
DA:665,1
DA:666,1
DA:2064,122
DA:2068,122
DA:2070,122
DA:2072,2
DA:2073,0
DA:2074,2
DA:2076,2
DA:2077,1
DA:2078,1
DA:2080,1
DA:2081,0
DA:2082,1
DA:2084,1
DA:2085,1
DA:2086,0
DA:2089,120
DA:2091,26
DA:2092,26
DA:2093,6
DA:2094,20
DA:2096,51
DA:2097,51
DA:2098,20
DA:2099,31
DA:2101,63
DA:2102,63
DA:2103,41
DA:2104,22
DA:2106,53
DA:2108,53
DA:2115,122
DA:2117,122
DA:2118,122
LF:70
LH:64
end_of_record
TN:
SF:/usr/include/c++/13/bits/stl_construct.h
FN:109,120,_ZSt10_ConstructINSt7__cxx1112basic_stringIcSt11char_traitsIcESaIcEEEJRKPKcEEvPT_DpOT0_
FN:146,153,_ZSt8_DestroyINSt7__cxx1112basic_stringIcSt11char_traitsIcESaIcEEEEvPT_
FN:160,164,_ZNSt12_Destroy_auxILb0EE9__destroyIPNSt7__cxx1112basic_stringIcSt11char_traitsIcESaIcEEEEEvT_S9_
FN:172,172,_ZNSt12_Destroy_auxILb1EE9__destroyIPP4UserEEvT_S5_
FN:172,172,_ZNSt12_Destroy_auxILb1EE9__destroyIPP8ChatRoomEEvT_S5_
FN:172,172,_ZNSt12_Destroy_auxILb1EE9__destroyIPP8ObserverEEvT_S5_
FN:182,197,_ZSt8_DestroyIPNSt7__cxx1112basic_stringIcSt11char_traitsIcESaIcEEEEvT_S7_
FN:182,197,_ZSt8_DestroyIPP4UserEvT_S3_
FN:182,197,_ZSt8_DestroyIPP8ChatRoomEvT_S3_
FN:182,197,_ZSt8_DestroyIPP8ObserverEvT_S3_
FNDA:4,_ZSt10_ConstructINSt7__cxx1112basic_stringIcSt11char_traitsIcESaIcEEEJRKPKcEEvPT_DpOT0_
FNDA:4,_ZSt8_DestroyINSt7__cxx1112basic_stringIcSt11char_traitsIcESaIcEEEEvPT_
FNDA:5,_ZNSt12_Destroy_auxILb0EE9__destroyIPNSt7__cxx1112basic_stringIcSt11char_traitsIcESaIcEEEEEvT_S9_
FNDA:14,_ZNSt12_Destroy_auxILb1EE9__destroyIPP4UserEEvT_S5_
FNDA:27,_ZNSt12_Destroy_auxILb1EE9__destroyIPP8ChatRoomEEvT_S5_
FNDA:10,_ZNSt12_Destroy_auxILb1EE9__destroyIPP8ObserverEEvT_S5_
FNDA:5,_ZSt8_DestroyIPNSt7__cxx1112basic_stringIcSt11char_traitsIcESaIcEEEEvT_S7_
FNDA:14,_ZSt8_DestroyIPP4UserEvT_S3_
FNDA:27,_ZSt8_DestroyIPP8ChatRoomEvT_S3_
FNDA:10,_ZSt8_DestroyIPP8ObserverEvT_S3_
FNF:10
FNH:10
DA:109,4
DA:119,8
DA:120,4
DA:146,4
DA:151,4
DA:153,4
DA:160,5
DA:162,9
DA:163,4
DA:164,5
DA:172,51
DA:182,56
DA:196,56
DA:197,56
LF:14
LH:14
end_of_record
TN:
SF:/usr/include/c++/13/bits/stl_iterator.h
FN:1076,1077,_ZN9__gnu_cxx17__normal_iteratorIPKP4UserSt6vectorIS2_SaIS2_EEEC2ERKS4_
FN:1076,1077,_ZN9__gnu_cxx17__normal_iteratorIPKP8ChatRoomSt6vectorIS2_SaIS2_EEEC2ERKS4_
FN:1076,1077,_ZN9__gnu_cxx17__normal_iteratorIPKP8ObserverSt6vectorIS2_SaIS2_EEEC2ERKS4_
FN:1076,1077,_ZN9__gnu_cxx17__normal_iteratorIPP4UserSt6vectorIS2_SaIS2_EEEC2ERKS3_
FN:1076,1077,_ZN9__gnu_cxx17__normal_iteratorIPP8ChatRoomSt6vectorIS2_SaIS2_EEEC2ERKS3_
FN:1076,1077,_ZN9__gnu_cxx17__normal_iteratorIPP8ObserverSt6vectorIS2_SaIS2_EEEC2ERKS3_
FN:1083,1094,_ZN9__gnu_cxx17__normal_iteratorIPKP4UserSt6vectorIS2_SaIS2_EEEC2IPS2_vEERKNS0_IT_S7_EE
FN:1083,1094,_ZN9__gnu_cxx17__normal_iteratorIPKP8ChatRoomSt6vectorIS2_SaIS2_EEEC2IPS2_vEERKNS0_IT_S7_EE
FN:1083,1094,_ZN9__gnu_cxx17__normal_iteratorIPKP8ObserverSt6vectorIS2_SaIS2_EEEC2IPS2_vEERKNS0_IT_S7_EE
FN:1099,1100,_ZNK9__gnu_cxx17__normal_iteratorIPKP8ChatRoomSt6vectorIS2_SaIS2_EEEdeEv
FN:1099,1100,_ZNK9__gnu_cxx17__normal_iteratorIPP4UserSt6vectorIS2_SaIS2_EEEdeEv
FN:1099,1100,_ZNK9__gnu_cxx17__normal_iteratorIPP8ChatRoomSt6vectorIS2_SaIS2_EEEdeEv
FN:1099,1100,_ZNK9__gnu_cxx17__normal_iteratorIPP8ObserverSt6vectorIS2_SaIS2_EEEdeEv
FN:1109,1113,_ZN9__gnu_cxx17__normal_iteratorIPKP8ChatRoomSt6vectorIS2_SaIS2_EEEppEv
FN:1109,1113,_ZN9__gnu_cxx17__normal_iteratorIPP4UserSt6vectorIS2_SaIS2_EEEppEv
FN:1109,1113,_ZN9__gnu_cxx17__normal_iteratorIPP8ChatRoomSt6vectorIS2_SaIS2_EEEppEv
FN:1109,1113,_ZN9__gnu_cxx17__normal_iteratorIPP8ObserverSt6vectorIS2_SaIS2_EEEppEv
FN:1147,1148,_ZNK9__gnu_cxx17__normal_iteratorIPP4UserSt6vectorIS2_SaIS2_EEEplEl
FN:1147,1148,_ZNK9__gnu_cxx17__normal_iteratorIPP8ChatRoomSt6vectorIS2_SaIS2_EEEplEl
FN:1147,1148,_ZNK9__gnu_cxx17__normal_iteratorIPP8ObserverSt6vectorIS2_SaIS2_EEEplEl
FN:1162,1163,_ZNK9__gnu_cxx17__normal_iteratorIPKP4UserSt6vectorIS2_SaIS2_EEE4baseEv
FN:1162,1163,_ZNK9__gnu_cxx17__normal_iteratorIPKP8ChatRoomSt6vectorIS2_SaIS2_EEE4baseEv
FN:1162,1163,_ZNK9__gnu_cxx17__normal_iteratorIPKP8ObserverSt6vectorIS2_SaIS2_EEE4baseEv
FN:1162,1163,_ZNK9__gnu_cxx17__normal_iteratorIPP4UserSt6vectorIS2_SaIS2_EEE4baseEv
FN:1162,1163,_ZNK9__gnu_cxx17__normal_iteratorIPP8ChatRoomSt6vectorIS2_SaIS2_EEE4baseEv
FN:1162,1163,_ZNK9__gnu_cxx17__normal_iteratorIPP8ObserverSt6vectorIS2_SaIS2_EEE4baseEv
FN:1225,1228,_ZN9__gnu_cxxeqIPP4UserSt6vectorIS2_SaIS2_EEEEbRKNS_17__normal_iteratorIT_T0_EESC_
FN:1241,1244,_ZN9__gnu_cxxneIPKP8ChatRoomSt6vectorIS2_SaIS2_EEEEbRKNS_17__normal_iteratorIT_T0_EESD_
FN:1241,1244,_ZN9__gnu_cxxneIPP4UserSt6vectorIS2_SaIS2_EEEEbRKNS_17__normal_iteratorIT_T0_EESC_
FN:1241,1244,_ZN9__gnu_cxxneIPP8ChatRoomSt6vectorIS2_SaIS2_EEEEbRKNS_17__normal_iteratorIT_T0_EESC_
FN:1241,1244,_ZN9__gnu_cxxneIPP8ObserverSt6vectorIS2_SaIS2_EEEEbRKNS_17__normal_iteratorIT_T0_EESC_
FN:1334,1337,_ZN9__gnu_cxxmiIPKP4UserSt6vectorIS2_SaIS2_EEEENS_17__normal_iteratorIT_T0_E15difference_typeERKSB_SE_
FN:1334,1337,_ZN9__gnu_cxxmiIPKP8ChatRoomSt6vectorIS2_SaIS2_EEEENS_17__normal_iteratorIT_T0_E15difference_typeERKSB_SE_
FN:1334,1337,_ZN9__gnu_cxxmiIPKP8ObserverSt6vectorIS2_SaIS2_EEEENS_17__normal_iteratorIT_T0_E15difference_typeERKSB_SE_
FN:1334,1337,_ZN9__gnu_cxxmiIPP4UserSt6vectorIS2_SaIS2_EEEENS_17__normal_iteratorIT_T0_E15difference_typeERKSA_SD_
FN:1334,1337,_ZN9__gnu_cxxmiIPP8ChatRoomSt6vectorIS2_SaIS2_EEEENS_17__normal_iteratorIT_T0_E15difference_typeERKSA_SD_
FN:1334,1337,_ZN9__gnu_cxxmiIPP8ObserverSt6vectorIS2_SaIS2_EEEENS_17__normal_iteratorIT_T0_E15difference_typeERKSA_SD_
FN:1357,1359,_ZSt12__niter_baseIPKP4UserSt6vectorIS1_SaIS1_EEET_N9__gnu_cxx17__normal_iteratorIS7_T0_EE
FN:1357,1359,_ZSt12__niter_baseIPP4UserSt6vectorIS1_SaIS1_EEET_N9__gnu_cxx17__normal_iteratorIS6_T0_EE
FN:1357,1359,_ZSt12__niter_baseIPP8ChatRoomSt6vectorIS1_SaIS1_EEET_N9__gnu_cxx17__normal_iteratorIS6_T0_EE
FN:1357,1359,_ZSt12__niter_baseIPP8ObserverSt6vectorIS1_SaIS1_EEET_N9__gnu_cxx17__normal_iteratorIS6_T0_EE
FN:1519,1520,_ZNSt13move_iteratorIPP4UserEC2ES2_
FN:1519,1520,_ZNSt13move_iteratorIPP8ChatRoomEC2ES2_
FN:1519,1520,_ZNSt13move_iteratorIPP8ObserverEC2ES2_
FN:1545,1546,_ZNKSt13move_iteratorIPP4UserE4baseEv
FN:1545,1546,_ZNKSt13move_iteratorIPP8ChatRoomE4baseEv
FN:1545,1546,_ZNKSt13move_iteratorIPP8ObserverE4baseEv
FN:1832,1833,_ZSt32__make_move_if_noexcept_iteratorIP4UserSt13move_iteratorIPS1_EET0_PT_
FN:1832,1833,_ZSt32__make_move_if_noexcept_iteratorIP8ChatRoomSt13move_iteratorIPS1_EET0_PT_
FN:1832,1833,_ZSt32__make_move_if_noexcept_iteratorIP8ObserverSt13move_iteratorIPS1_EET0_PT_
FN:2968,2970,_ZSt12__miter_baseIPP4UserEDTcl12__miter_basecldtfp_4baseEEESt13move_iteratorIT_E
FN:2968,2970,_ZSt12__miter_baseIPP8ChatRoomEDTcl12__miter_basecldtfp_4baseEEESt13move_iteratorIT_E
FN:2968,2970,_ZSt12__miter_baseIPP8ObserverEDTcl12__miter_basecldtfp_4baseEEESt13move_iteratorIT_E
FNDA:8,_ZN9__gnu_cxx17__normal_iteratorIPKP4UserSt6vectorIS2_SaIS2_EEEC2ERKS4_
FNDA:104,_ZN9__gnu_cxx17__normal_iteratorIPKP8ChatRoomSt6vectorIS2_SaIS2_EEEC2ERKS4_
FNDA:3,_ZN9__gnu_cxx17__normal_iteratorIPKP8ObserverSt6vectorIS2_SaIS2_EEEC2ERKS4_
FNDA:365,_ZN9__gnu_cxx17__normal_iteratorIPP4UserSt6vectorIS2_SaIS2_EEEC2ERKS3_
FNDA:60,_ZN9__gnu_cxx17__normal_iteratorIPP8ChatRoomSt6vectorIS2_SaIS2_EEEC2ERKS3_
FNDA:74,_ZN9__gnu_cxx17__normal_iteratorIPP8ObserverSt6vectorIS2_SaIS2_EEEC2ERKS3_
FNDA:2,_ZN9__gnu_cxx17__normal_iteratorIPKP4UserSt6vectorIS2_SaIS2_EEEC2IPS2_vEERKNS0_IT_S7_EE
FNDA:2,_ZN9__gnu_cxx17__normal_iteratorIPKP8ChatRoomSt6vectorIS2_SaIS2_EEEC2IPS2_vEERKNS0_IT_S7_EE
FNDA:3,_ZN9__gnu_cxx17__normal_iteratorIPKP8ObserverSt6vectorIS2_SaIS2_EEEC2IPS2_vEERKNS0_IT_S7_EE
FNDA:14,_ZNK9__gnu_cxx17__normal_iteratorIPKP8ChatRoomSt6vectorIS2_SaIS2_EEEdeEv
FNDA:195,_ZNK9__gnu_cxx17__normal_iteratorIPP4UserSt6vectorIS2_SaIS2_EEEdeEv
FNDA:2,_ZNK9__gnu_cxx17__normal_iteratorIPP8ChatRoomSt6vectorIS2_SaIS2_EEEdeEv
FNDA:16,_ZNK9__gnu_cxx17__normal_iteratorIPP8ObserverSt6vectorIS2_SaIS2_EEEdeEv
FNDA:7,_ZN9__gnu_cxx17__normal_iteratorIPKP8ChatRoomSt6vectorIS2_SaIS2_EEEppEv
FNDA:135,_ZN9__gnu_cxx17__normal_iteratorIPP4UserSt6vectorIS2_SaIS2_EEEppEv
FNDA:0,_ZN9__gnu_cxx17__normal_iteratorIPP8ChatRoomSt6vectorIS2_SaIS2_EEEppEv
FNDA:13,_ZN9__gnu_cxx17__normal_iteratorIPP8ObserverSt6vectorIS2_SaIS2_EEEppEv
FNDA:6,_ZNK9__gnu_cxx17__normal_iteratorIPP4UserSt6vectorIS2_SaIS2_EEEplEl
FNDA:4,_ZNK9__gnu_cxx17__normal_iteratorIPP8ChatRoomSt6vectorIS2_SaIS2_EEEplEl
FNDA:6,_ZNK9__gnu_cxx17__normal_iteratorIPP8ObserverSt6vectorIS2_SaIS2_EEEplEl
FNDA:10,_ZNK9__gnu_cxx17__normal_iteratorIPKP4UserSt6vectorIS2_SaIS2_EEE4baseEv
FNDA:208,_ZNK9__gnu_cxx17__normal_iteratorIPKP8ChatRoomSt6vectorIS2_SaIS2_EEE4baseEv
FNDA:6,_ZNK9__gnu_cxx17__normal_iteratorIPKP8ObserverSt6vectorIS2_SaIS2_EEE4baseEv
FNDA:794,_ZNK9__gnu_cxx17__normal_iteratorIPP4UserSt6vectorIS2_SaIS2_EEE4baseEv
FNDA:110,_ZNK9__gnu_cxx17__normal_iteratorIPP8ChatRoomSt6vectorIS2_SaIS2_EEE4baseEv
FNDA:103,_ZNK9__gnu_cxx17__normal_iteratorIPP8ObserverSt6vectorIS2_SaIS2_EEE4baseEv
FNDA:48,_ZN9__gnu_cxxeqIPP4UserSt6vectorIS2_SaIS2_EEEEbRKNS_17__normal_iteratorIT_T0_EESC_
FNDA:34,_ZN9__gnu_cxxneIPKP8ChatRoomSt6vectorIS2_SaIS2_EEEEbRKNS_17__normal_iteratorIT_T0_EESD_
FNDA:130,_ZN9__gnu_cxxneIPP4UserSt6vectorIS2_SaIS2_EEEEbRKNS_17__normal_iteratorIT_T0_EESC_
FNDA:4,_ZN9__gnu_cxxneIPP8ChatRoomSt6vectorIS2_SaIS2_EEEEbRKNS_17__normal_iteratorIT_T0_EESC_
FNDA:44,_ZN9__gnu_cxxneIPP8ObserverSt6vectorIS2_SaIS2_EEEEbRKNS_17__normal_iteratorIT_T0_EESC_
FNDA:2,_ZN9__gnu_cxxmiIPKP4UserSt6vectorIS2_SaIS2_EEEENS_17__normal_iteratorIT_T0_E15difference_typeERKSB_SE_
FNDA:70,_ZN9__gnu_cxxmiIPKP8ChatRoomSt6vectorIS2_SaIS2_EEEENS_17__normal_iteratorIT_T0_E15difference_typeERKSB_SE_
FNDA:3,_ZN9__gnu_cxxmiIPKP8ObserverSt6vectorIS2_SaIS2_EEEENS_17__normal_iteratorIT_T0_E15difference_typeERKSB_SE_
FNDA:193,_ZN9__gnu_cxxmiIPP4UserSt6vectorIS2_SaIS2_EEEENS_17__normal_iteratorIT_T0_E15difference_typeERKSA_SD_
FNDA:27,_ZN9__gnu_cxxmiIPP8ChatRoomSt6vectorIS2_SaIS2_EEEENS_17__normal_iteratorIT_T0_E15difference_typeERKSA_SD_
FNDA:3,_ZN9__gnu_cxxmiIPP8ObserverSt6vectorIS2_SaIS2_EEEENS_17__normal_iteratorIT_T0_E15difference_typeERKSA_SD_
FNDA:6,_ZSt12__niter_baseIPKP4UserSt6vectorIS1_SaIS1_EEET_N9__gnu_cxx17__normal_iteratorIS7_T0_EE
FNDA:4,_ZSt12__niter_baseIPP4UserSt6vectorIS1_SaIS1_EEET_N9__gnu_cxx17__normal_iteratorIS6_T0_EE
FNDA:0,_ZSt12__niter_baseIPP8ChatRoomSt6vectorIS1_SaIS1_EEET_N9__gnu_cxx17__normal_iteratorIS6_T0_EE
FNDA:0,_ZSt12__niter_baseIPP8ObserverSt6vectorIS1_SaIS1_EEET_N9__gnu_cxx17__normal_iteratorIS6_T0_EE
FNDA:0,_ZNSt13move_iteratorIPP4UserEC2ES2_
FNDA:0,_ZNSt13move_iteratorIPP8ChatRoomEC2ES2_
FNDA:0,_ZNSt13move_iteratorIPP8ObserverEC2ES2_
FNDA:0,_ZNKSt13move_iteratorIPP4UserE4baseEv
FNDA:0,_ZNKSt13move_iteratorIPP8ChatRoomE4baseEv
FNDA:0,_ZNKSt13move_iteratorIPP8ObserverE4baseEv
FNDA:0,_ZSt32__make_move_if_noexcept_iteratorIP4UserSt13move_iteratorIPS1_EET0_PT_
FNDA:0,_ZSt32__make_move_if_noexcept_iteratorIP8ChatRoomSt13move_iteratorIPS1_EET0_PT_
FNDA:0,_ZSt32__make_move_if_noexcept_iteratorIP8ObserverSt13move_iteratorIPS1_EET0_PT_
FNDA:0,_ZSt12__miter_baseIPP4UserEDTcl12__miter_basecldtfp_4baseEEESt13move_iteratorIT_E
FNDA:0,_ZSt12__miter_baseIPP8ChatRoomEDTcl12__miter_basecldtfp_4baseEEESt13move_iteratorIT_E
FNDA:0,_ZSt12__miter_baseIPP8ObserverEDTcl12__miter_basecldtfp_4baseEEESt13move_iteratorIT_E
FNF:53
FNH:38
DA:1076,614
DA:1077,614
DA:1083,7
DA:1094,7
DA:1099,227
DA:1100,227
DA:1109,155
DA:1111,155
DA:1112,155
DA:1147,16
DA:1148,16
DA:1162,1231
DA:1163,1231
DA:1225,48
DA:1228,48
DA:1241,212
DA:1244,212
DA:1334,298
DA:1337,298
DA:1357,10
DA:1359,10
DA:1519,0
DA:1520,0
DA:1545,0
DA:1546,0
DA:1832,0
DA:1833,0
DA:2968,0
DA:2970,0
LF:29
LH:21
end_of_record
TN:
SF:/usr/include/c++/13/bits/stl_iterator_base_funcs.h
FNF:0
FNH:0
DA:106,2
DA:151,4
DA:152,4
LF:3
LH:3
end_of_record
TN:
SF:/usr/include/c++/13/bits/stl_iterator_base_types.h
FNF:0
FNH:0
DA:240,125
LF:1
LH:1
end_of_record
TN:
SF:/usr/include/c++/13/bits/stl_list.h
FN:1022,1023,_ZNSt7__cxx114listINS_12basic_stringIcSt11char_traitsIcESaIcEEESaIS5_EE5beginEv
FN:1022,1023,_ZNSt7__cxx114listIP7CommandSaIS2_EE5beginEv
FN:1032,1033,_ZNKSt7__cxx114listINS_12basic_stringIcSt11char_traitsIcESaIcEEESaIS5_EE5beginEv
FN:1042,1043,_ZNSt7__cxx114listINS_12basic_stringIcSt11char_traitsIcESaIcEEESaIS5_EE3endEv
FN:1042,1043,_ZNSt7__cxx114listIP7CommandSaIS2_EE3endEv
FN:1052,1053,_ZNKSt7__cxx114listINS_12basic_stringIcSt11char_traitsIcESaIcEEESaIS5_EE3endEv
FN:110,111,_ZNSt8__detail17_List_node_headerC2Ev
FN:1305,1306,_ZNSt7__cxx114listINS_12basic_stringIcSt11char_traitsIcESaIcEEESaIS5_EE9push_backERKS5_
FN:1305,1306,_ZNSt7__cxx114listIP7CommandSaIS2_EE9push_backERKS2_
FN:1310,1311,_ZNSt7__cxx114listINS_12basic_stringIcSt11char_traitsIcESaIcEEESaIS5_EE9push_backEOS5_
FN:1319,1325,_ZNSt7__cxx114listINS_12basic_stringIcSt11char_traitsIcESaIcEEESaIS5_EE12emplace_backIJRKPKcEEEvDpOT_
FN:1319,1325,_ZNSt7__cxx114listINS_12basic_stringIcSt11char_traitsIcESaIcEEESaIS5_EE12emplace_backIJRKS5_EEEvDpOT_
FN:150,156,_ZNSt8__detail17_List_node_header7_M_initEv
FN:1592,1596,_ZNSt7__cxx114listIP7CommandSaIS2_EE5clearEv
FN:1929,1938,_ZNSt7__cxx114listINS_12basic_stringIcSt11char_traitsIcESaIcEEESaIS5_EE22_M_initialize_dispatchIPKPKcEEvT_SD_St12__false_type
FN:1929,1938,_ZNSt7__cxx114listINS_12basic_stringIcSt11char_traitsIcESaIcEEESaIS5_EE22_M_initialize_dispatchISt20_List_const_iteratorIS5_EEEvT_SB_St12__false_type
FN:2003,2008,_ZNSt7__cxx114listINS_12basic_stringIcSt11char_traitsIcESaIcEEESaIS5_EE9_M_insertIJRKPKcEEEvSt14_List_iteratorIS5_EDpOT_
FN:2003,2008,_ZNSt7__cxx114listINS_12basic_stringIcSt11char_traitsIcESaIcEEESaIS5_EE9_M_insertIJRKS5_EEEvSt14_List_iteratorIS5_EDpOT_
FN:2003,2008,_ZNSt7__cxx114listINS_12basic_stringIcSt11char_traitsIcESaIcEEESaIS5_EE9_M_insertIJS5_EEEvSt14_List_iteratorIS5_EDpOT_
FN:2003,2008,_ZNSt7__cxx114listIP7CommandSaIS2_EE9_M_insertIJRKS2_EEEvSt14_List_iteratorIS2_EDpOT_
FN:238,238,_ZNSt10_List_nodeINSt7__cxx1112basic_stringIcSt11char_traitsIcESaIcEEEE9_M_valptrEv
FN:238,238,_ZNSt10_List_nodeIP7CommandE9_M_valptrEv
FN:239,239,_ZNKSt10_List_nodeINSt7__cxx1112basic_stringIcSt11char_traitsIcESaIcEEEE9_M_valptrEv
FN:268,269,_ZNSt14_List_iteratorINSt7__cxx1112basic_stringIcSt11char_traitsIcESaIcEEEEC2EPNSt8__detail15_List_node_baseE
FN:268,269,_ZNSt14_List_iteratorIP7CommandEC2EPNSt8__detail15_List_node_baseE
FN:278,279,_ZNKSt14_List_iteratorIP7CommandEdeEv
FN:287,291,_ZNSt14_List_iteratorIP7CommandEppEv
FN:324,325,_ZStneRKSt14_List_iteratorIP7CommandES4_
FN:354,356,_ZNSt20_List_const_iteratorINSt7__cxx1112basic_stringIcSt11char_traitsIcESaIcEEEEC2EPKNSt8__detail15_List_node_baseE
FN:358,359,_ZNSt20_List_const_iteratorINSt7__cxx1112basic_stringIcSt11char_traitsIcESaIcEEEEC2ERKSt14_List_iteratorIS5_E
FN:368,369,_ZNKSt20_List_const_iteratorINSt7__cxx1112basic_stringIcSt11char_traitsIcESaIcEEEEdeEv
FN:377,381,_ZNSt20_List_const_iteratorINSt7__cxx1112basic_stringIcSt11char_traitsIcESaIcEEEEppEv
FN:414,415,_ZStneRKSt20_List_const_iteratorINSt7__cxx1112basic_stringIcSt11char_traitsIcESaIcEEEES8_
FN:455,458,_ZNSt7__cxx1110_List_baseINS_12basic_stringIcSt11char_traitsIcESaIcEEESaIS5_EE10_List_implC2Ev
FN:455,458,_ZNSt7__cxx1110_List_baseIP7CommandSaIS2_EE10_List_implC2Ev
FN:471,473,_ZNSt7__cxx1110_List_baseINS_12basic_stringIcSt11char_traitsIcESaIcEEESaIS5_EE10_List_implC2EOSaISt10_List_nodeIS5_EE
FN:484,484,_ZNSt7__cxx1110_List_baseINS_12basic_stringIcSt11char_traitsIcESaIcEEESaIS5_EE11_M_inc_sizeEm
FN:484,484,_ZNSt7__cxx1110_List_baseIP7CommandSaIS2_EE11_M_inc_sizeEm
FN:517,518,_ZNSt7__cxx1110_List_baseINS_12basic_stringIcSt11char_traitsIcESaIcEEESaIS5_EE11_M_get_nodeEv
FN:517,518,_ZNSt7__cxx1110_List_baseIP7CommandSaIS2_EE11_M_get_nodeEv
FN:521,522,_ZNSt7__cxx1110_List_baseINS_12basic_stringIcSt11char_traitsIcESaIcEEESaIS5_EE11_M_put_nodeEPSt10_List_nodeIS5_E
FN:521,522,_ZNSt7__cxx1110_List_baseIP7CommandSaIS2_EE11_M_put_nodeEPSt10_List_nodeIS2_E
FN:528,529,_ZNSt7__cxx1110_List_baseINS_12basic_stringIcSt11char_traitsIcESaIcEEESaIS5_EE21_M_get_Node_allocatorEv
FN:528,529,_ZNSt7__cxx1110_List_baseIP7CommandSaIS2_EE21_M_get_Node_allocatorEv
FN:532,533,_ZNKSt7__cxx1110_List_baseINS_12basic_stringIcSt11char_traitsIcESaIcEEESaIS5_EE21_M_get_Node_allocatorEv
FN:536,536,_ZNSt7__cxx1110_List_baseINS_12basic_stringIcSt11char_traitsIcESaIcEEESaIS5_EEC2Ev
FN:536,536,_ZNSt7__cxx1110_List_baseIP7CommandSaIS2_EEC2Ev
FN:564,566,_ZNSt7__cxx1110_List_baseINS_12basic_stringIcSt11char_traitsIcESaIcEEESaIS5_EEC2EOSaISt10_List_nodeIS5_EE
FN:574,575,_ZNSt7__cxx1110_List_baseINS_12basic_stringIcSt11char_traitsIcESaIcEEESaIS5_EED2Ev
FN:574,575,_ZNSt7__cxx1110_List_baseIP7CommandSaIS2_EED2Ev
FN:581,582,_ZNSt7__cxx1110_List_baseIP7CommandSaIS2_EE7_M_initEv
FN:708,717,_ZNSt7__cxx114listINS_12basic_stringIcSt11char_traitsIcESaIcEEESaIS5_EE14_M_create_nodeIJRKPKcEEEPSt10_List_nodeIS5_EDpOT_
FN:708,717,_ZNSt7__cxx114listINS_12basic_stringIcSt11char_traitsIcESaIcEEESaIS5_EE14_M_create_nodeIJRKS5_EEEPSt10_List_nodeIS5_EDpOT_
FN:708,717,_ZNSt7__cxx114listINS_12basic_stringIcSt11char_traitsIcESaIcEEESaIS5_EE14_M_create_nodeIJS5_EEEPSt10_List_nodeIS5_EDpOT_
FN:708,717,_ZNSt7__cxx114listIP7CommandSaIS2_EE14_M_create_nodeIJRKS2_EEEPSt10_List_nodeIS2_EDpOT_
FN:749,749,_ZNSt7__cxx114listINS_12basic_stringIcSt11char_traitsIcESaIcEEESaIS5_EEC2Ev
FN:749,749,_ZNSt7__cxx114listIP7CommandSaIS2_EEC2Ev
FN:811,814,_ZNSt7__cxx114listINS_12basic_stringIcSt11char_traitsIcESaIcEEESaIS5_EEC2ERKS7_
FN:879,882,_ZNSt7__cxx114listINS_12basic_stringIcSt11char_traitsIcESaIcEEESaIS5_EEC2IPKPKcvEET_SD_RKS6_
FN:903,903,_ZNSt7__cxx114listINS_12basic_stringIcSt11char_traitsIcESaIcEEESaIS5_EED2Ev
FN:903,903,_ZNSt7__cxx114listIP7CommandSaIS2_EED2Ev
FNDA:3,_ZNSt7__cxx114listINS_12basic_stringIcSt11char_traitsIcESaIcEEESaIS5_EE5beginEv
FNDA:35,_ZNSt7__cxx114listIP7CommandSaIS2_EE5beginEv
FNDA:2,_ZNKSt7__cxx114listINS_12basic_stringIcSt11char_traitsIcESaIcEEESaIS5_EE5beginEv
FNDA:77,_ZNSt7__cxx114listINS_12basic_stringIcSt11char_traitsIcESaIcEEESaIS5_EE3endEv
FNDA:50,_ZNSt7__cxx114listIP7CommandSaIS2_EE3endEv
FNDA:2,_ZNKSt7__cxx114listINS_12basic_stringIcSt11char_traitsIcESaIcEEESaIS5_EE3endEv
FNDA:40,_ZNSt8__detail17_List_node_headerC2Ev
FNDA:9,_ZNSt7__cxx114listINS_12basic_stringIcSt11char_traitsIcESaIcEEESaIS5_EE9push_backERKS5_
FNDA:15,_ZNSt7__cxx114listIP7CommandSaIS2_EE9push_backERKS2_
FNDA:25,_ZNSt7__cxx114listINS_12basic_stringIcSt11char_traitsIcESaIcEEESaIS5_EE9push_backEOS5_
FNDA:4,_ZNSt7__cxx114listINS_12basic_stringIcSt11char_traitsIcESaIcEEESaIS5_EE12emplace_backIJRKPKcEEEvDpOT_
FNDA:12,_ZNSt7__cxx114listINS_12basic_stringIcSt11char_traitsIcESaIcEEESaIS5_EE12emplace_backIJRKS5_EEEvDpOT_
FNDA:75,_ZNSt8__detail17_List_node_header7_M_initEv
FNDA:35,_ZNSt7__cxx114listIP7CommandSaIS2_EE5clearEv
FNDA:1,_ZNSt7__cxx114listINS_12basic_stringIcSt11char_traitsIcESaIcEEESaIS5_EE22_M_initialize_dispatchIPKPKcEEvT_SD_St12__false_type
FNDA:2,_ZNSt7__cxx114listINS_12basic_stringIcSt11char_traitsIcESaIcEEESaIS5_EE22_M_initialize_dispatchISt20_List_const_iteratorIS5_EEEvT_SB_St12__false_type
FNDA:4,_ZNSt7__cxx114listINS_12basic_stringIcSt11char_traitsIcESaIcEEESaIS5_EE9_M_insertIJRKPKcEEEvSt14_List_iteratorIS5_EDpOT_
FNDA:21,_ZNSt7__cxx114listINS_12basic_stringIcSt11char_traitsIcESaIcEEESaIS5_EE9_M_insertIJRKS5_EEEvSt14_List_iteratorIS5_EDpOT_
FNDA:25,_ZNSt7__cxx114listINS_12basic_stringIcSt11char_traitsIcESaIcEEESaIS5_EE9_M_insertIJS5_EEEvSt14_List_iteratorIS5_EDpOT_
FNDA:15,_ZNSt7__cxx114listIP7CommandSaIS2_EE9_M_insertIJRKS2_EEEvSt14_List_iteratorIS2_EDpOT_
FNDA:100,_ZNSt10_List_nodeINSt7__cxx1112basic_stringIcSt11char_traitsIcESaIcEEEE9_M_valptrEv
FNDA:45,_ZNSt10_List_nodeIP7CommandE9_M_valptrEv
FNDA:24,_ZNKSt10_List_nodeINSt7__cxx1112basic_stringIcSt11char_traitsIcESaIcEEEE9_M_valptrEv
FNDA:80,_ZNSt14_List_iteratorINSt7__cxx1112basic_stringIcSt11char_traitsIcESaIcEEEEC2EPNSt8__detail15_List_node_baseE
FNDA:85,_ZNSt14_List_iteratorIP7CommandEC2EPNSt8__detail15_List_node_baseE
FNDA:15,_ZNKSt14_List_iteratorIP7CommandEdeEv
FNDA:15,_ZNSt14_List_iteratorIP7CommandEppEv
FNDA:50,_ZStneRKSt14_List_iteratorIP7CommandES4_
FNDA:4,_ZNSt20_List_const_iteratorINSt7__cxx1112basic_stringIcSt11char_traitsIcESaIcEEEEC2EPKNSt8__detail15_List_node_baseE
FNDA:30,_ZNSt20_List_const_iteratorINSt7__cxx1112basic_stringIcSt11char_traitsIcESaIcEEEEC2ERKSt14_List_iteratorIS5_E
FNDA:24,_ZNKSt20_List_const_iteratorINSt7__cxx1112basic_stringIcSt11char_traitsIcESaIcEEEEdeEv
FNDA:24,_ZNSt20_List_const_iteratorINSt7__cxx1112basic_stringIcSt11char_traitsIcESaIcEEEEppEv
FNDA:41,_ZStneRKSt20_List_const_iteratorINSt7__cxx1112basic_stringIcSt11char_traitsIcESaIcEEEES8_
FNDA:10,_ZNSt7__cxx1110_List_baseINS_12basic_stringIcSt11char_traitsIcESaIcEEESaIS5_EE10_List_implC2Ev
FNDA:27,_ZNSt7__cxx1110_List_baseIP7CommandSaIS2_EE10_List_implC2Ev
FNDA:3,_ZNSt7__cxx1110_List_baseINS_12basic_stringIcSt11char_traitsIcESaIcEEESaIS5_EE10_List_implC2EOSaISt10_List_nodeIS5_EE
FNDA:50,_ZNSt7__cxx1110_List_baseINS_12basic_stringIcSt11char_traitsIcESaIcEEESaIS5_EE11_M_inc_sizeEm
FNDA:15,_ZNSt7__cxx1110_List_baseIP7CommandSaIS2_EE11_M_inc_sizeEm
FNDA:50,_ZNSt7__cxx1110_List_baseINS_12basic_stringIcSt11char_traitsIcESaIcEEESaIS5_EE11_M_get_nodeEv
FNDA:15,_ZNSt7__cxx1110_List_baseIP7CommandSaIS2_EE11_M_get_nodeEv
FNDA:50,_ZNSt7__cxx1110_List_baseINS_12basic_stringIcSt11char_traitsIcESaIcEEESaIS5_EE11_M_put_nodeEPSt10_List_nodeIS5_E
FNDA:15,_ZNSt7__cxx1110_List_baseIP7CommandSaIS2_EE11_M_put_nodeEPSt10_List_nodeIS2_E
FNDA:100,_ZNSt7__cxx1110_List_baseINS_12basic_stringIcSt11char_traitsIcESaIcEEESaIS5_EE21_M_get_Node_allocatorEv
FNDA:30,_ZNSt7__cxx1110_List_baseIP7CommandSaIS2_EE21_M_get_Node_allocatorEv
FNDA:2,_ZNKSt7__cxx1110_List_baseINS_12basic_stringIcSt11char_traitsIcESaIcEEESaIS5_EE21_M_get_Node_allocatorEv
FNDA:10,_ZNSt7__cxx1110_List_baseINS_12basic_stringIcSt11char_traitsIcESaIcEEESaIS5_EEC2Ev
FNDA:27,_ZNSt7__cxx1110_List_baseIP7CommandSaIS2_EEC2Ev
FNDA:3,_ZNSt7__cxx1110_List_baseINS_12basic_stringIcSt11char_traitsIcESaIcEEESaIS5_EEC2EOSaISt10_List_nodeIS5_EE
FNDA:13,_ZNSt7__cxx1110_List_baseINS_12basic_stringIcSt11char_traitsIcESaIcEEESaIS5_EED2Ev
FNDA:27,_ZNSt7__cxx1110_List_baseIP7CommandSaIS2_EED2Ev
FNDA:35,_ZNSt7__cxx1110_List_baseIP7CommandSaIS2_EE7_M_initEv
FNDA:4,_ZNSt7__cxx114listINS_12basic_stringIcSt11char_traitsIcESaIcEEESaIS5_EE14_M_create_nodeIJRKPKcEEEPSt10_List_nodeIS5_EDpOT_
FNDA:21,_ZNSt7__cxx114listINS_12basic_stringIcSt11char_traitsIcESaIcEEESaIS5_EE14_M_create_nodeIJRKS5_EEEPSt10_List_nodeIS5_EDpOT_
FNDA:25,_ZNSt7__cxx114listINS_12basic_stringIcSt11char_traitsIcESaIcEEESaIS5_EE14_M_create_nodeIJS5_EEEPSt10_List_nodeIS5_EDpOT_
FNDA:15,_ZNSt7__cxx114listIP7CommandSaIS2_EE14_M_create_nodeIJRKS2_EEEPSt10_List_nodeIS2_EDpOT_
FNDA:10,_ZNSt7__cxx114listINS_12basic_stringIcSt11char_traitsIcESaIcEEESaIS5_EEC2Ev
FNDA:27,_ZNSt7__cxx114listIP7CommandSaIS2_EEC2Ev
FNDA:2,_ZNSt7__cxx114listINS_12basic_stringIcSt11char_traitsIcESaIcEEESaIS5_EEC2ERKS7_
FNDA:1,_ZNSt7__cxx114listINS_12basic_stringIcSt11char_traitsIcESaIcEEESaIS5_EEC2IPKPKcvEET_SD_RKS6_
FNDA:13,_ZNSt7__cxx114listINS_12basic_stringIcSt11char_traitsIcESaIcEEESaIS5_EED2Ev
FNDA:27,_ZNSt7__cxx114listIP7CommandSaIS2_EED2Ev
FNF:61
FNH:61
DA:110,40
DA:111,40
DA:150,75
DA:152,75
DA:154,75
DA:156,75
DA:238,145
DA:239,24
DA:268,165
DA:269,165
DA:278,15
DA:279,15
DA:287,15
DA:289,15
DA:290,15
DA:324,50
DA:325,50
DA:354,4
DA:356,4
DA:358,30
DA:359,30
DA:368,24
DA:369,24
DA:377,24
DA:379,24
DA:380,24
DA:414,41
DA:415,41
DA:455,37
DA:457,37
DA:458,37
DA:471,3
DA:472,6
DA:473,3
DA:484,65
DA:517,65
DA:518,130
DA:521,65
DA:522,65
DA:528,130
DA:529,130
DA:532,2
DA:533,2
DA:536,37
DA:564,3
DA:565,3
DA:566,3
DA:574,40
DA:575,40
DA:581,35
DA:582,35
DA:708,65
DA:710,65
DA:711,65
DA:712,65
DA:713,65
DA:715,65
DA:716,65
DA:717,65
DA:749,37
DA:811,2
DA:813,4
DA:814,2
DA:879,1
DA:881,2
DA:882,1
DA:903,40
DA:1022,38
DA:1023,38
DA:1032,2
DA:1033,2
DA:1042,127
DA:1043,127
DA:1052,2
DA:1053,2
DA:1305,24
DA:1306,24
DA:1310,25
DA:1311,25
DA:1319,16
DA:1321,16
DA:1325,16
DA:1592,35
DA:1594,35
DA:1595,35
DA:1596,35
DA:1929,3
DA:1932,19
DA:1934,16
DA:1938,3
DA:2003,65
DA:2005,65
DA:2006,65
DA:2007,65
DA:2008,65
LF:95
LH:95
end_of_record
TN:
SF:/usr/include/c++/13/bits/stl_uninitialized.h
FN:1114,1134,_ZSt14__relocate_a_1IP4UserS1_ENSt9enable_ifIXsrSt24__is_bitwise_relocatableIT_vE5valueEPS4_E4typeES6_S6_S6_RSaIT0_E
FN:1114,1134,_ZSt14__relocate_a_1IP8ChatRoomS1_ENSt9enable_ifIXsrSt24__is_bitwise_relocatableIT_vE5valueEPS4_E4typeES6_S6_S6_RSaIT0_E
FN:1114,1134,_ZSt14__relocate_a_1IP8ObserverS1_ENSt9enable_ifIXsrSt24__is_bitwise_relocatableIT_vE5valueEPS4_E4typeES6_S6_S6_RSaIT0_E
FN:113,128,_ZSt16__do_uninit_copyIPKPKcPNSt7__cxx1112basic_stringIcSt11char_traitsIcESaIcEEEET0_T_SC_SB_
FN:1141,1150,_ZSt12__relocate_aIPP4UserS2_SaIS1_EET0_T_S5_S4_RT1_
FN:1141,1150,_ZSt12__relocate_aIPP8ChatRoomS2_SaIS1_EET0_T_S5_S4_RT1_
FN:1141,1150,_ZSt12__relocate_aIPP8ObserverS2_SaIS1_EET0_T_S5_S4_RT1_
FN:135,137,_ZNSt20__uninitialized_copyILb0EE13__uninit_copyIPKPKcPNSt7__cxx1112basic_stringIcSt11char_traitsIcESaIcEEEEET0_T_SE_SD_
FN:145,147,_ZNSt20__uninitialized_copyILb1EE13__uninit_copyIN9__gnu_cxx17__normal_iteratorIPKP4UserSt6vectorIS5_SaIS5_EEEEPS5_EET0_T_SE_SD_
FN:145,147,_ZNSt20__uninitialized_copyILb1EE13__uninit_copyIPKP4UserPS3_EET0_T_S8_S7_
FN:145,147,_ZNSt20__uninitialized_copyILb1EE13__uninit_copyISt13move_iteratorIPP4UserES5_EET0_T_S8_S7_
FN:145,147,_ZNSt20__uninitialized_copyILb1EE13__uninit_copyISt13move_iteratorIPP8ChatRoomES5_EET0_T_S8_S7_
FN:145,147,_ZNSt20__uninitialized_copyILb1EE13__uninit_copyISt13move_iteratorIPP8ObserverES5_EET0_T_S8_S7_
FN:163,186,_ZSt18uninitialized_copyIN9__gnu_cxx17__normal_iteratorIPKP4UserSt6vectorIS3_SaIS3_EEEEPS3_ET0_T_SC_SB_
FN:163,186,_ZSt18uninitialized_copyIPKP4UserPS1_ET0_T_S6_S5_
FN:163,186,_ZSt18uninitialized_copyIPKPKcPNSt7__cxx1112basic_stringIcSt11char_traitsIcESaIcEEEET0_T_SC_SB_
FN:163,186,_ZSt18uninitialized_copyISt13move_iteratorIPP4UserES3_ET0_T_S6_S5_
FN:163,186,_ZSt18uninitialized_copyISt13move_iteratorIPP8ChatRoomES3_ET0_T_S6_S5_
FN:163,186,_ZSt18uninitialized_copyISt13move_iteratorIPP8ObserverES3_ET0_T_S6_S5_
FN:366,374,_ZSt22__uninitialized_copy_aIN9__gnu_cxx17__normal_iteratorIPKP4UserSt6vectorIS3_SaIS3_EEEEPS3_S3_ET0_T_SC_SB_RSaIT1_E
FN:366,374,_ZSt22__uninitialized_copy_aIPKP4UserPS1_S1_ET0_T_S6_S5_RSaIT1_E
FN:366,374,_ZSt22__uninitialized_copy_aIPKPKcPNSt7__cxx1112basic_stringIcSt11char_traitsIcESaIcEEES9_ET0_T_SC_SB_RSaIT1_E
FN:366,374,_ZSt22__uninitialized_copy_aISt13move_iteratorIPP4UserES3_S2_ET0_T_S6_S5_RSaIT1_E
FN:366,374,_ZSt22__uninitialized_copy_aISt13move_iteratorIPP8ChatRoomES3_S2_ET0_T_S6_S5_RSaIT1_E
FN:366,374,_ZSt22__uninitialized_copy_aISt13move_iteratorIPP8ObserverES3_S2_ET0_T_S6_S5_RSaIT1_E
FN:393,401,_ZSt34__uninitialized_move_if_noexcept_aIPP4UserS2_SaIS1_EET0_T_S5_S4_RT1_
FN:393,401,_ZSt34__uninitialized_move_if_noexcept_aIPP8ChatRoomS2_SaIS1_EET0_T_S5_S4_RT1_
FN:393,401,_ZSt34__uninitialized_move_if_noexcept_aIPP8ObserverS2_SaIS1_EET0_T_S5_S4_RT1_
FNDA:46,_ZSt14__relocate_a_1IP4UserS1_ENSt9enable_ifIXsrSt24__is_bitwise_relocatableIT_vE5valueEPS4_E4typeES6_S6_S6_RSaIT0_E
FNDA:46,_ZSt14__relocate_a_1IP8ChatRoomS1_ENSt9enable_ifIXsrSt24__is_bitwise_relocatableIT_vE5valueEPS4_E4typeES6_S6_S6_RSaIT0_E
FNDA:6,_ZSt14__relocate_a_1IP8ObserverS1_ENSt9enable_ifIXsrSt24__is_bitwise_relocatableIT_vE5valueEPS4_E4typeES6_S6_S6_RSaIT0_E
FNDA:1,_ZSt16__do_uninit_copyIPKPKcPNSt7__cxx1112basic_stringIcSt11char_traitsIcESaIcEEEET0_T_SC_SB_
FNDA:46,_ZSt12__relocate_aIPP4UserS2_SaIS1_EET0_T_S5_S4_RT1_
FNDA:46,_ZSt12__relocate_aIPP8ChatRoomS2_SaIS1_EET0_T_S5_S4_RT1_
FNDA:6,_ZSt12__relocate_aIPP8ObserverS2_SaIS1_EET0_T_S5_S4_RT1_
FNDA:1,_ZNSt20__uninitialized_copyILb0EE13__uninit_copyIPKPKcPNSt7__cxx1112basic_stringIcSt11char_traitsIcESaIcEEEEET0_T_SE_SD_
FNDA:3,_ZNSt20__uninitialized_copyILb1EE13__uninit_copyIN9__gnu_cxx17__normal_iteratorIPKP4UserSt6vectorIS5_SaIS5_EEEEPS5_EET0_T_SE_SD_
FNDA:1,_ZNSt20__uninitialized_copyILb1EE13__uninit_copyIPKP4UserPS3_EET0_T_S8_S7_
FNDA:0,_ZNSt20__uninitialized_copyILb1EE13__uninit_copyISt13move_iteratorIPP4UserES5_EET0_T_S8_S7_
FNDA:0,_ZNSt20__uninitialized_copyILb1EE13__uninit_copyISt13move_iteratorIPP8ChatRoomES5_EET0_T_S8_S7_
FNDA:0,_ZNSt20__uninitialized_copyILb1EE13__uninit_copyISt13move_iteratorIPP8ObserverES5_EET0_T_S8_S7_
FNDA:3,_ZSt18uninitialized_copyIN9__gnu_cxx17__normal_iteratorIPKP4UserSt6vectorIS3_SaIS3_EEEEPS3_ET0_T_SC_SB_
FNDA:1,_ZSt18uninitialized_copyIPKP4UserPS1_ET0_T_S6_S5_
FNDA:1,_ZSt18uninitialized_copyIPKPKcPNSt7__cxx1112basic_stringIcSt11char_traitsIcESaIcEEEET0_T_SC_SB_
FNDA:0,_ZSt18uninitialized_copyISt13move_iteratorIPP4UserES3_ET0_T_S6_S5_
FNDA:0,_ZSt18uninitialized_copyISt13move_iteratorIPP8ChatRoomES3_ET0_T_S6_S5_
FNDA:0,_ZSt18uninitialized_copyISt13move_iteratorIPP8ObserverES3_ET0_T_S6_S5_
FNDA:3,_ZSt22__uninitialized_copy_aIN9__gnu_cxx17__normal_iteratorIPKP4UserSt6vectorIS3_SaIS3_EEEEPS3_S3_ET0_T_SC_SB_RSaIT1_E
FNDA:1,_ZSt22__uninitialized_copy_aIPKP4UserPS1_S1_ET0_T_S6_S5_RSaIT1_E
FNDA:1,_ZSt22__uninitialized_copy_aIPKPKcPNSt7__cxx1112basic_stringIcSt11char_traitsIcESaIcEEES9_ET0_T_SC_SB_RSaIT1_E
FNDA:0,_ZSt22__uninitialized_copy_aISt13move_iteratorIPP4UserES3_S2_ET0_T_S6_S5_RSaIT1_E
FNDA:0,_ZSt22__uninitialized_copy_aISt13move_iteratorIPP8ChatRoomES3_S2_ET0_T_S6_S5_RSaIT1_E
FNDA:0,_ZSt22__uninitialized_copy_aISt13move_iteratorIPP8ObserverES3_S2_ET0_T_S6_S5_RSaIT1_E
FNDA:0,_ZSt34__uninitialized_move_if_noexcept_aIPP4UserS2_SaIS1_EET0_T_S5_S4_RT1_
FNDA:0,_ZSt34__uninitialized_move_if_noexcept_aIPP8ChatRoomS2_SaIS1_EET0_T_S5_S4_RT1_
FNDA:0,_ZSt34__uninitialized_move_if_noexcept_aIPP8ObserverS2_SaIS1_EET0_T_S5_S4_RT1_
FNF:28
FNH:16
DA:113,1
DA:116,1
DA:119,5
DA:120,4
DA:121,1
DA:123,0
DA:125,0
DA:126,0
DA:135,1
DA:137,1
DA:145,4
DA:147,4
DA:163,5
DA:174,5
DA:181,5
DA:185,5
DA:366,5
DA:373,5
DA:393,0
DA:399,0
DA:400,0
DA:1114,98
DA:1118,98
DA:1119,98
DA:1131,18
DA:1133,98
DA:1141,98
DA:1147,98
DA:1149,98
LF:29
LH:23
end_of_record
TN:
SF:/usr/include/c++/13/bits/stl_vector.h
FN:1126,1130,_ZNSt6vectorINSt7__cxx1112basic_stringIcSt11char_traitsIcESaIcEEESaIS5_EEixEm
FN:1126,1130,_ZNSt6vectorIP4UserSaIS1_EEixEm
FN:1281,1293,_ZNSt6vectorIP4UserSaIS1_EE9push_backERKS1_
FN:1281,1293,_ZNSt6vectorIP8ChatRoomSaIS1_EE9push_backERKS1_
FN:1281,1293,_ZNSt6vectorIP8ObserverSaIS1_EE9push_backERKS1_
FN:137,143,_ZNSt12_Vector_baseINSt7__cxx1112basic_stringIcSt11char_traitsIcESaIcEEESaIS5_EE12_Vector_implC2Ev
FN:137,143,_ZNSt12_Vector_baseIP4UserSaIS1_EE12_Vector_implC2Ev
FN:137,143,_ZNSt12_Vector_baseIP8ChatRoomSaIS1_EE12_Vector_implC2Ev
FN:137,143,_ZNSt12_Vector_baseIP8ObserverSaIS1_EE12_Vector_implC2Ev
FN:146,148,_ZNSt12_Vector_baseINSt7__cxx1112basic_stringIcSt11char_traitsIcESaIcEEESaIS5_EE12_Vector_implC2ERKS6_
FN:146,148,_ZNSt12_Vector_baseIP4UserSaIS1_EE12_Vector_implC2ERKS2_
FN:1534,1535,_ZNSt6vectorIP4UserSaIS1_EE5eraseEN9__gnu_cxx17__normal_iteratorIPKS1_S3_EE
FN:1534,1535,_ZNSt6vectorIP8ChatRoomSaIS1_EE5eraseEN9__gnu_cxx17__normal_iteratorIPKS1_S3_EE
FN:1534,1535,_ZNSt6vectorIP8ObserverSaIS1_EE5eraseEN9__gnu_cxx17__normal_iteratorIPKS1_S3_EE
FN:1687,1698,_ZNSt6vectorINSt7__cxx1112basic_stringIcSt11char_traitsIcESaIcEEESaIS5_EE19_M_range_initializeIPKPKcEEvT_SD_St20forward_iterator_tag
FN:1687,1698,_ZNSt6vectorIP4UserSaIS1_EE19_M_range_initializeIPKS1_EEvT_S7_St20forward_iterator_tag
FN:1896,1903,_ZNKSt6vectorIP4UserSaIS1_EE12_M_check_lenEmPKc
FN:1896,1903,_ZNKSt6vectorIP8ChatRoomSaIS1_EE12_M_check_lenEmPKc
FN:1896,1903,_ZNKSt6vectorIP8ObserverSaIS1_EE12_M_check_lenEmPKc
FN:1907,1913,_ZNSt6vectorINSt7__cxx1112basic_stringIcSt11char_traitsIcESaIcEEESaIS5_EE17_S_check_init_lenEmRKS6_
FN:1907,1913,_ZNSt6vectorIP4UserSaIS1_EE17_S_check_init_lenEmRKS2_
FN:1916,1925,_ZNSt6vectorINSt7__cxx1112basic_stringIcSt11char_traitsIcESaIcEEESaIS5_EE11_S_max_sizeERKS6_
FN:1916,1925,_ZNSt6vectorIP4UserSaIS1_EE11_S_max_sizeERKS2_
FN:1916,1925,_ZNSt6vectorIP8ChatRoomSaIS1_EE11_S_max_sizeERKS2_
FN:1916,1925,_ZNSt6vectorIP8ObserverSaIS1_EE11_S_max_sizeERKS2_
FN:301,302,_ZNSt12_Vector_baseINSt7__cxx1112basic_stringIcSt11char_traitsIcESaIcEEESaIS5_EE19_M_get_Tp_allocatorEv
FN:301,302,_ZNSt12_Vector_baseIP4UserSaIS1_EE19_M_get_Tp_allocatorEv
FN:301,302,_ZNSt12_Vector_baseIP8ChatRoomSaIS1_EE19_M_get_Tp_allocatorEv
FN:301,302,_ZNSt12_Vector_baseIP8ObserverSaIS1_EE19_M_get_Tp_allocatorEv
FN:306,307,_ZNKSt12_Vector_baseIP4UserSaIS1_EE19_M_get_Tp_allocatorEv
FN:306,307,_ZNKSt12_Vector_baseIP8ChatRoomSaIS1_EE19_M_get_Tp_allocatorEv
FN:306,307,_ZNKSt12_Vector_baseIP8ObserverSaIS1_EE19_M_get_Tp_allocatorEv
FN:315,315,_ZNSt12_Vector_baseINSt7__cxx1112basic_stringIcSt11char_traitsIcESaIcEEESaIS5_EEC2Ev
FN:315,315,_ZNSt12_Vector_baseIP4UserSaIS1_EEC2Ev
FN:315,315,_ZNSt12_Vector_baseIP8ChatRoomSaIS1_EEC2Ev
FN:315,315,_ZNSt12_Vector_baseIP8ObserverSaIS1_EEC2Ev
FN:321,322,_ZNSt12_Vector_baseINSt7__cxx1112basic_stringIcSt11char_traitsIcESaIcEEESaIS5_EEC2ERKS6_
FN:321,322,_ZNSt12_Vector_baseIP4UserSaIS1_EEC2ERKS2_
FN:333,335,_ZNSt12_Vector_baseIP4UserSaIS1_EEC2EmRKS2_
FN:367,371,_ZNSt12_Vector_baseINSt7__cxx1112basic_stringIcSt11char_traitsIcESaIcEEESaIS5_EED2Ev
FN:367,371,_ZNSt12_Vector_baseIP4UserSaIS1_EED2Ev
FN:367,371,_ZNSt12_Vector_baseIP8ChatRoomSaIS1_EED2Ev
FN:367,371,_ZNSt12_Vector_baseIP8ObserverSaIS1_EED2Ev
FN:378,382,_ZNSt12_Vector_baseINSt7__cxx1112basic_stringIcSt11char_traitsIcESaIcEEESaIS5_EE11_M_allocateEm
FN:378,382,_ZNSt12_Vector_baseIP4UserSaIS1_EE11_M_allocateEm
FN:378,382,_ZNSt12_Vector_baseIP8ChatRoomSaIS1_EE11_M_allocateEm
FN:378,382,_ZNSt12_Vector_baseIP8ObserverSaIS1_EE11_M_allocateEm
FN:386,391,_ZNSt12_Vector_baseINSt7__cxx1112basic_stringIcSt11char_traitsIcESaIcEEESaIS5_EE13_M_deallocateEPS5_m
FN:386,391,_ZNSt12_Vector_baseIP4UserSaIS1_EE13_M_deallocateEPS1_m
FN:386,391,_ZNSt12_Vector_baseIP8ChatRoomSaIS1_EE13_M_deallocateEPS1_m
FN:386,391,_ZNSt12_Vector_baseIP8ObserverSaIS1_EE13_M_deallocateEPS1_m
FN:396,401,_ZNSt12_Vector_baseIP4UserSaIS1_EE17_M_create_storageEm
FN:470,476,_ZNSt6vectorIP4UserSaIS1_EE19_S_nothrow_relocateESt17integral_constantIbLb1EE
FN:470,476,_ZNSt6vectorIP8ChatRoomSaIS1_EE19_S_nothrow_relocateESt17integral_constantIbLb1EE
FN:470,476,_ZNSt6vectorIP8ObserverSaIS1_EE19_S_nothrow_relocateESt17integral_constantIbLb1EE
FN:483,489,_ZNSt6vectorIP4UserSaIS1_EE15_S_use_relocateEv
FN:483,489,_ZNSt6vectorIP8ChatRoomSaIS1_EE15_S_use_relocateEv
FN:483,489,_ZNSt6vectorIP8ObserverSaIS1_EE15_S_use_relocateEv
FN:492,496,_ZNSt6vectorIP4UserSaIS1_EE14_S_do_relocateEPS1_S4_S4_RS2_St17integral_constantIbLb1EE
FN:492,496,_ZNSt6vectorIP8ChatRoomSaIS1_EE14_S_do_relocateEPS1_S4_S4_RS2_St17integral_constantIbLb1EE
FN:492,496,_ZNSt6vectorIP8ObserverSaIS1_EE14_S_do_relocateEPS1_S4_S4_RS2_St17integral_constantIbLb1EE
FN:504,514,_ZNSt6vectorIP4UserSaIS1_EE11_S_relocateEPS1_S4_S4_RS2_
FN:504,514,_ZNSt6vectorIP8ChatRoomSaIS1_EE11_S_relocateEPS1_S4_S4_RS2_
FN:504,514,_ZNSt6vectorIP8ObserverSaIS1_EE11_S_relocateEPS1_S4_S4_RS2_
FN:531,531,_ZNSt6vectorINSt7__cxx1112basic_stringIcSt11char_traitsIcESaIcEEESaIS5_EEC2Ev
FN:531,531,_ZNSt6vectorIP4UserSaIS1_EEC2Ev
FN:531,531,_ZNSt6vectorIP8ChatRoomSaIS1_EEC2Ev
FN:531,531,_ZNSt6vectorIP8ObserverSaIS1_EEC2Ev
FN:601,609,_ZNSt6vectorIP4UserSaIS1_EEC2ERKS3_
FN:678,684,_ZNSt6vectorIP4UserSaIS1_EEC2ESt16initializer_listIS1_ERKS2_
FN:707,713,_ZNSt6vectorINSt7__cxx1112basic_stringIcSt11char_traitsIcESaIcEEESaIS5_EEC2IPKPKcvEET_SD_RKS6_
FN:733,738,_ZNSt6vectorINSt7__cxx1112basic_stringIcSt11char_traitsIcESaIcEEESaIS5_EED2Ev
FN:733,738,_ZNSt6vectorIP4UserSaIS1_EED2Ev
FN:733,738,_ZNSt6vectorIP8ChatRoomSaIS1_EED2Ev
FN:733,738,_ZNSt6vectorIP8ObserverSaIS1_EED2Ev
FN:873,874,_ZNSt6vectorIP4UserSaIS1_EE5beginEv
FN:873,874,_ZNSt6vectorIP8ChatRoomSaIS1_EE5beginEv
FN:873,874,_ZNSt6vectorIP8ObserverSaIS1_EE5beginEv
FN:883,884,_ZNKSt6vectorIP4UserSaIS1_EE5beginEv
FN:883,884,_ZNKSt6vectorIP8ChatRoomSaIS1_EE5beginEv
FN:893,894,_ZNSt6vectorIP4UserSaIS1_EE3endEv
FN:893,894,_ZNSt6vectorIP8ChatRoomSaIS1_EE3endEv
FN:893,894,_ZNSt6vectorIP8ObserverSaIS1_EE3endEv
FN:903,904,_ZNKSt6vectorIP4UserSaIS1_EE3endEv
FN:903,904,_ZNKSt6vectorIP8ChatRoomSaIS1_EE3endEv
FN:954,955,_ZNKSt6vectorIP4UserSaIS1_EE6cbeginEv
FN:954,955,_ZNKSt6vectorIP8ChatRoomSaIS1_EE6cbeginEv
FN:954,955,_ZNKSt6vectorIP8ObserverSaIS1_EE6cbeginEv
FN:99,101,_ZNSt12_Vector_baseINSt7__cxx1112basic_stringIcSt11char_traitsIcESaIcEEESaIS5_EE17_Vector_impl_dataC2Ev
FN:99,101,_ZNSt12_Vector_baseIP4UserSaIS1_EE17_Vector_impl_dataC2Ev
FN:99,101,_ZNSt12_Vector_baseIP8ChatRoomSaIS1_EE17_Vector_impl_dataC2Ev
FN:99,101,_ZNSt12_Vector_baseIP8ObserverSaIS1_EE17_Vector_impl_dataC2Ev
FN:992,993,_ZNKSt6vectorIP4UserSaIS1_EE4sizeEv
FN:992,993,_ZNKSt6vectorIP8ChatRoomSaIS1_EE4sizeEv
FN:992,993,_ZNKSt6vectorIP8ObserverSaIS1_EE4sizeEv
FN:998,999,_ZNKSt6vectorIP4UserSaIS1_EE8max_sizeEv
FN:998,999,_ZNKSt6vectorIP8ChatRoomSaIS1_EE8max_sizeEv
FN:998,999,_ZNKSt6vectorIP8ObserverSaIS1_EE8max_sizeEv
FNDA:4,_ZNSt6vectorINSt7__cxx1112basic_stringIcSt11char_traitsIcESaIcEEESaIS5_EEixEm
FNDA:10,_ZNSt6vectorIP4UserSaIS1_EEixEm
FNDA:24,_ZNSt6vectorIP4UserSaIS1_EE9push_backERKS1_
FNDA:24,_ZNSt6vectorIP8ChatRoomSaIS1_EE9push_backERKS1_
FNDA:3,_ZNSt6vectorIP8ObserverSaIS1_EE9push_backERKS1_
FNDA:4,_ZNSt12_Vector_baseINSt7__cxx1112basic_stringIcSt11char_traitsIcESaIcEEESaIS5_EE12_Vector_implC2Ev
FNDA:10,_ZNSt12_Vector_baseIP4UserSaIS1_EE12_Vector_implC2Ev
FNDA:27,_ZNSt12_Vector_baseIP8ChatRoomSaIS1_EE12_Vector_implC2Ev
FNDA:10,_ZNSt12_Vector_baseIP8ObserverSaIS1_EE12_Vector_implC2Ev
FNDA:1,_ZNSt12_Vector_baseINSt7__cxx1112basic_stringIcSt11char_traitsIcESaIcEEESaIS5_EE12_Vector_implC2ERKS6_
FNDA:4,_ZNSt12_Vector_baseIP4UserSaIS1_EE12_Vector_implC2ERKS2_
FNDA:2,_ZNSt6vectorIP4UserSaIS1_EE5eraseEN9__gnu_cxx17__normal_iteratorIPKS1_S3_EE
FNDA:2,_ZNSt6vectorIP8ChatRoomSaIS1_EE5eraseEN9__gnu_cxx17__normal_iteratorIPKS1_S3_EE
FNDA:3,_ZNSt6vectorIP8ObserverSaIS1_EE5eraseEN9__gnu_cxx17__normal_iteratorIPKS1_S3_EE
FNDA:1,_ZNSt6vectorINSt7__cxx1112basic_stringIcSt11char_traitsIcESaIcEEESaIS5_EE19_M_range_initializeIPKPKcEEvT_SD_St20forward_iterator_tag
FNDA:1,_ZNSt6vectorIP4UserSaIS1_EE19_M_range_initializeIPKS1_EEvT_S7_St20forward_iterator_tag
FNDA:23,_ZNKSt6vectorIP4UserSaIS1_EE12_M_check_lenEmPKc
FNDA:23,_ZNKSt6vectorIP8ChatRoomSaIS1_EE12_M_check_lenEmPKc
FNDA:3,_ZNKSt6vectorIP8ObserverSaIS1_EE12_M_check_lenEmPKc
FNDA:1,_ZNSt6vectorINSt7__cxx1112basic_stringIcSt11char_traitsIcESaIcEEESaIS5_EE17_S_check_init_lenEmRKS6_
FNDA:1,_ZNSt6vectorIP4UserSaIS1_EE17_S_check_init_lenEmRKS2_
FNDA:1,_ZNSt6vectorINSt7__cxx1112basic_stringIcSt11char_traitsIcESaIcEEESaIS5_EE11_S_max_sizeERKS6_
FNDA:47,_ZNSt6vectorIP4UserSaIS1_EE11_S_max_sizeERKS2_
FNDA:46,_ZNSt6vectorIP8ChatRoomSaIS1_EE11_S_max_sizeERKS2_
FNDA:6,_ZNSt6vectorIP8ObserverSaIS1_EE11_S_max_sizeERKS2_
FNDA:7,_ZNSt12_Vector_baseINSt7__cxx1112basic_stringIcSt11char_traitsIcESaIcEEESaIS5_EE19_M_get_Tp_allocatorEv
FNDA:65,_ZNSt12_Vector_baseIP4UserSaIS1_EE19_M_get_Tp_allocatorEv
FNDA:73,_ZNSt12_Vector_baseIP8ChatRoomSaIS1_EE19_M_get_Tp_allocatorEv
FNDA:16,_ZNSt12_Vector_baseIP8ObserverSaIS1_EE19_M_get_Tp_allocatorEv
FNDA:49,_ZNKSt12_Vector_baseIP4UserSaIS1_EE19_M_get_Tp_allocatorEv
FNDA:46,_ZNKSt12_Vector_baseIP8ChatRoomSaIS1_EE19_M_get_Tp_allocatorEv
FNDA:6,_ZNKSt12_Vector_baseIP8ObserverSaIS1_EE19_M_get_Tp_allocatorEv
FNDA:4,_ZNSt12_Vector_baseINSt7__cxx1112basic_stringIcSt11char_traitsIcESaIcEEESaIS5_EEC2Ev
FNDA:10,_ZNSt12_Vector_baseIP4UserSaIS1_EEC2Ev
FNDA:27,_ZNSt12_Vector_baseIP8ChatRoomSaIS1_EEC2Ev
FNDA:10,_ZNSt12_Vector_baseIP8ObserverSaIS1_EEC2Ev
FNDA:1,_ZNSt12_Vector_baseINSt7__cxx1112basic_stringIcSt11char_traitsIcESaIcEEESaIS5_EEC2ERKS6_
FNDA:1,_ZNSt12_Vector_baseIP4UserSaIS1_EEC2ERKS2_
FNDA:3,_ZNSt12_Vector_baseIP4UserSaIS1_EEC2EmRKS2_
FNDA:5,_ZNSt12_Vector_baseINSt7__cxx1112basic_stringIcSt11char_traitsIcESaIcEEESaIS5_EED2Ev
FNDA:14,_ZNSt12_Vector_baseIP4UserSaIS1_EED2Ev
FNDA:27,_ZNSt12_Vector_baseIP8ChatRoomSaIS1_EED2Ev
FNDA:10,_ZNSt12_Vector_baseIP8ObserverSaIS1_EED2Ev
FNDA:1,_ZNSt12_Vector_baseINSt7__cxx1112basic_stringIcSt11char_traitsIcESaIcEEESaIS5_EE11_M_allocateEm
FNDA:27,_ZNSt12_Vector_baseIP4UserSaIS1_EE11_M_allocateEm
FNDA:23,_ZNSt12_Vector_baseIP8ChatRoomSaIS1_EE11_M_allocateEm
FNDA:3,_ZNSt12_Vector_baseIP8ObserverSaIS1_EE11_M_allocateEm
FNDA:5,_ZNSt12_Vector_baseINSt7__cxx1112basic_stringIcSt11char_traitsIcESaIcEEESaIS5_EE13_M_deallocateEPS5_m
FNDA:37,_ZNSt12_Vector_baseIP4UserSaIS1_EE13_M_deallocateEPS1_m
FNDA:50,_ZNSt12_Vector_baseIP8ChatRoomSaIS1_EE13_M_deallocateEPS1_m
FNDA:13,_ZNSt12_Vector_baseIP8ObserverSaIS1_EE13_M_deallocateEPS1_m
FNDA:3,_ZNSt12_Vector_baseIP4UserSaIS1_EE17_M_create_storageEm
FNDA:46,_ZNSt6vectorIP4UserSaIS1_EE19_S_nothrow_relocateESt17integral_constantIbLb1EE
FNDA:46,_ZNSt6vectorIP8ChatRoomSaIS1_EE19_S_nothrow_relocateESt17integral_constantIbLb1EE
FNDA:6,_ZNSt6vectorIP8ObserverSaIS1_EE19_S_nothrow_relocateESt17integral_constantIbLb1EE
FNDA:46,_ZNSt6vectorIP4UserSaIS1_EE15_S_use_relocateEv
FNDA:46,_ZNSt6vectorIP8ChatRoomSaIS1_EE15_S_use_relocateEv
FNDA:6,_ZNSt6vectorIP8ObserverSaIS1_EE15_S_use_relocateEv
FNDA:46,_ZNSt6vectorIP4UserSaIS1_EE14_S_do_relocateEPS1_S4_S4_RS2_St17integral_constantIbLb1EE
FNDA:46,_ZNSt6vectorIP8ChatRoomSaIS1_EE14_S_do_relocateEPS1_S4_S4_RS2_St17integral_constantIbLb1EE
FNDA:6,_ZNSt6vectorIP8ObserverSaIS1_EE14_S_do_relocateEPS1_S4_S4_RS2_St17integral_constantIbLb1EE
FNDA:46,_ZNSt6vectorIP4UserSaIS1_EE11_S_relocateEPS1_S4_S4_RS2_
FNDA:46,_ZNSt6vectorIP8ChatRoomSaIS1_EE11_S_relocateEPS1_S4_S4_RS2_
FNDA:6,_ZNSt6vectorIP8ObserverSaIS1_EE11_S_relocateEPS1_S4_S4_RS2_
FNDA:4,_ZNSt6vectorINSt7__cxx1112basic_stringIcSt11char_traitsIcESaIcEEESaIS5_EEC2Ev
FNDA:10,_ZNSt6vectorIP4UserSaIS1_EEC2Ev
FNDA:27,_ZNSt6vectorIP8ChatRoomSaIS1_EEC2Ev
FNDA:10,_ZNSt6vectorIP8ObserverSaIS1_EEC2Ev
FNDA:3,_ZNSt6vectorIP4UserSaIS1_EEC2ERKS3_
FNDA:1,_ZNSt6vectorIP4UserSaIS1_EEC2ESt16initializer_listIS1_ERKS2_
FNDA:1,_ZNSt6vectorINSt7__cxx1112basic_stringIcSt11char_traitsIcESaIcEEESaIS5_EEC2IPKPKcvEET_SD_RKS6_
FNDA:5,_ZNSt6vectorINSt7__cxx1112basic_stringIcSt11char_traitsIcESaIcEEESaIS5_EED2Ev
FNDA:14,_ZNSt6vectorIP4UserSaIS1_EED2Ev
FNDA:27,_ZNSt6vectorIP8ChatRoomSaIS1_EED2Ev
FNDA:10,_ZNSt6vectorIP8ObserverSaIS1_EED2Ev
FNDA:136,_ZNSt6vectorIP4UserSaIS1_EE5beginEv
FNDA:27,_ZNSt6vectorIP8ChatRoomSaIS1_EE5beginEv
FNDA:34,_ZNSt6vectorIP8ObserverSaIS1_EE5beginEv
FNDA:3,_ZNKSt6vectorIP4UserSaIS1_EE5beginEv
FNDA:34,_ZNKSt6vectorIP8ChatRoomSaIS1_EE5beginEv
FNDA:223,_ZNSt6vectorIP4UserSaIS1_EE3endEv
FNDA:29,_ZNSt6vectorIP8ChatRoomSaIS1_EE3endEv
FNDA:34,_ZNSt6vectorIP8ObserverSaIS1_EE3endEv
FNDA:3,_ZNKSt6vectorIP4UserSaIS1_EE3endEv
FNDA:68,_ZNKSt6vectorIP8ChatRoomSaIS1_EE3endEv
FNDA:2,_ZNKSt6vectorIP4UserSaIS1_EE6cbeginEv
FNDA:2,_ZNKSt6vectorIP8ChatRoomSaIS1_EE6cbeginEv
FNDA:3,_ZNKSt6vectorIP8ObserverSaIS1_EE6cbeginEv
FNDA:5,_ZNSt12_Vector_baseINSt7__cxx1112basic_stringIcSt11char_traitsIcESaIcEEESaIS5_EE17_Vector_impl_dataC2Ev
FNDA:14,_ZNSt12_Vector_baseIP4UserSaIS1_EE17_Vector_impl_dataC2Ev
FNDA:27,_ZNSt12_Vector_baseIP8ChatRoomSaIS1_EE17_Vector_impl_dataC2Ev
FNDA:10,_ZNSt12_Vector_baseIP8ObserverSaIS1_EE17_Vector_impl_dataC2Ev
FNDA:119,_ZNKSt6vectorIP4UserSaIS1_EE4sizeEv
FNDA:100,_ZNKSt6vectorIP8ChatRoomSaIS1_EE4sizeEv
FNDA:12,_ZNKSt6vectorIP8ObserverSaIS1_EE4sizeEv
FNDA:46,_ZNKSt6vectorIP4UserSaIS1_EE8max_sizeEv
FNDA:46,_ZNKSt6vectorIP8ChatRoomSaIS1_EE8max_sizeEv
FNDA:6,_ZNKSt6vectorIP8ObserverSaIS1_EE8max_sizeEv
FNF:98
FNH:98
DA:99,56
DA:100,56
DA:101,56
DA:137,51
DA:142,51
DA:143,51
DA:146,5
DA:147,5
DA:148,5
DA:301,161
DA:302,161
DA:306,101
DA:307,101
DA:315,51
DA:321,2
DA:322,2
DA:333,3
DA:334,3
DA:335,3
DA:367,56
DA:369,56
DA:370,56
DA:371,56
DA:378,54
DA:381,108
DA:386,105
DA:389,105
DA:390,54
DA:391,105
DA:396,3
DA:398,3
DA:399,3
DA:400,3
DA:401,3
DA:470,98
DA:475,98
DA:483,98
DA:488,98
DA:492,98
DA:495,98
DA:504,98
DA:512,98
DA:531,51
DA:601,3
DA:603,6
DA:605,3
DA:606,3
DA:608,3
DA:609,3
DA:678,1
DA:680,1
DA:682,1
DA:683,1
DA:684,1
DA:707,1
DA:709,1
DA:711,1
DA:712,1
DA:713,1
DA:733,56
DA:735,56
DA:736,56
DA:738,56
DA:873,197
DA:874,197
DA:883,37
DA:884,37
DA:893,286
DA:894,286
DA:903,71
DA:904,71
DA:954,7
DA:955,7
DA:992,231
DA:993,231
DA:998,98
DA:999,98
DA:1126,14
DA:1129,14
DA:1281,51
DA:1283,51
DA:1286,2
DA:1288,2
DA:1292,49
DA:1293,51
DA:1534,7
DA:1535,7
DA:1687,2
DA:1690,2
DA:1692,2
DA:1693,2
DA:1694,2
DA:1695,2
DA:1697,2
DA:1698,2
DA:1896,49
DA:1898,49
DA:1899,0
DA:1901,49
DA:1902,49
DA:1907,2
DA:1909,2
DA:1910,0
DA:1912,2
DA:1916,100
DA:1921,100
DA:1923,100
DA:1924,100
LF:108
LH:106
end_of_record
TN:
SF:/usr/include/c++/13/bits/this_thread_sleep.h
FN:68,85,_ZNSt11this_thread9sleep_forIlSt5ratioILl1ELl1EEEEvRKNSt6chrono8durationIT_T0_EE
FNDA:1,_ZNSt11this_thread9sleep_forIlSt5ratioILl1ELl1EEEEvRKNSt6chrono8durationIT_T0_EE
FNF:1
FNH:1
DA:68,1
DA:70,1
DA:71,0
DA:72,1
DA:73,1
DA:75,2
DA:77,1
DA:78,1
DA:80,1
LF:9
LH:8
end_of_record
TN:
SF:/usr/include/c++/13/bits/vector.tcc
FN:181,190,_ZNSt6vectorIP4UserSaIS1_EE8_M_eraseEN9__gnu_cxx17__normal_iteratorIPS1_S3_EE
FN:181,190,_ZNSt6vectorIP8ChatRoomSaIS1_EE8_M_eraseEN9__gnu_cxx17__normal_iteratorIPS1_S3_EE
FN:181,190,_ZNSt6vectorIP8ObserverSaIS1_EE8_M_eraseEN9__gnu_cxx17__normal_iteratorIPS1_S3_EE
FN:445,524,_ZNSt6vectorIP4UserSaIS1_EE17_M_realloc_insertIJRKS1_EEEvN9__gnu_cxx17__normal_iteratorIPS1_S3_EEDpOT_
FN:445,524,_ZNSt6vectorIP8ChatRoomSaIS1_EE17_M_realloc_insertIJRKS1_EEEvN9__gnu_cxx17__normal_iteratorIPS1_S3_EEDpOT_
FN:445,524,_ZNSt6vectorIP8ObserverSaIS1_EE17_M_realloc_insertIJRKS1_EEEvN9__gnu_cxx17__normal_iteratorIPS1_S3_EEDpOT_
FNDA:2,_ZNSt6vectorIP4UserSaIS1_EE8_M_eraseEN9__gnu_cxx17__normal_iteratorIPS1_S3_EE
FNDA:2,_ZNSt6vectorIP8ChatRoomSaIS1_EE8_M_eraseEN9__gnu_cxx17__normal_iteratorIPS1_S3_EE
FNDA:3,_ZNSt6vectorIP8ObserverSaIS1_EE8_M_eraseEN9__gnu_cxx17__normal_iteratorIPS1_S3_EE
FNDA:23,_ZNSt6vectorIP4UserSaIS1_EE17_M_realloc_insertIJRKS1_EEEvN9__gnu_cxx17__normal_iteratorIPS1_S3_EEDpOT_
FNDA:23,_ZNSt6vectorIP8ChatRoomSaIS1_EE17_M_realloc_insertIJRKS1_EEEvN9__gnu_cxx17__normal_iteratorIPS1_S3_EEDpOT_
FNDA:3,_ZNSt6vectorIP8ObserverSaIS1_EE17_M_realloc_insertIJRKS1_EEEvN9__gnu_cxx17__normal_iteratorIPS1_S3_EEDpOT_
FNF:6
FNH:6
DA:181,7
DA:184,7
DA:185,1
DA:186,7
DA:187,7
DA:189,7
DA:445,49
DA:455,49
DA:456,49
DA:457,49
DA:458,49
DA:459,49
DA:460,49
DA:468,49
DA:469,49
DA:475,49
DA:478,49
DA:480,49
DA:481,49
DA:483,49
DA:485,49
DA:486,49
DA:493,0
DA:494,0
DA:496,0
DA:500,0
DA:501,0
DA:504,0
DA:506,0
DA:507,0
DA:508,0
DA:510,0
DA:511,0
DA:512,0
DA:515,49
DA:517,0
DA:519,49
DA:520,49
DA:521,49
DA:522,49
DA:523,49
DA:524,49
LF:42
LH:29
end_of_record
TN:
SF:/usr/include/c++/13/ext/aligned_buffer.h
FN:64,65,_ZN9__gnu_cxx16__aligned_membufINSt7__cxx1112basic_stringIcSt11char_traitsIcESaIcEEEE7_M_addrEv
FN:64,65,_ZN9__gnu_cxx16__aligned_membufIP7CommandE7_M_addrEv
FN:68,69,_ZNK9__gnu_cxx16__aligned_membufINSt7__cxx1112basic_stringIcSt11char_traitsIcESaIcEEEE7_M_addrEv
FN:72,73,_ZN9__gnu_cxx16__aligned_membufINSt7__cxx1112basic_stringIcSt11char_traitsIcESaIcEEEE6_M_ptrEv
FN:72,73,_ZN9__gnu_cxx16__aligned_membufIP7CommandE6_M_ptrEv
FN:76,77,_ZNK9__gnu_cxx16__aligned_membufINSt7__cxx1112basic_stringIcSt11char_traitsIcESaIcEEEE6_M_ptrEv
FNDA:100,_ZN9__gnu_cxx16__aligned_membufINSt7__cxx1112basic_stringIcSt11char_traitsIcESaIcEEEE7_M_addrEv
FNDA:45,_ZN9__gnu_cxx16__aligned_membufIP7CommandE7_M_addrEv
FNDA:24,_ZNK9__gnu_cxx16__aligned_membufINSt7__cxx1112basic_stringIcSt11char_traitsIcESaIcEEEE7_M_addrEv
FNDA:100,_ZN9__gnu_cxx16__aligned_membufINSt7__cxx1112basic_stringIcSt11char_traitsIcESaIcEEEE6_M_ptrEv
FNDA:45,_ZN9__gnu_cxx16__aligned_membufIP7CommandE6_M_ptrEv
FNDA:24,_ZNK9__gnu_cxx16__aligned_membufINSt7__cxx1112basic_stringIcSt11char_traitsIcESaIcEEEE6_M_ptrEv
FNF:6
FNH:6
DA:64,145
DA:65,145
DA:68,24
DA:69,24
DA:72,145
DA:73,145
DA:76,24
DA:77,24
LF:8
LH:8
end_of_record
TN:
SF:/usr/include/c++/13/ext/alloc_traits.h
FNF:0
FNH:0
DA:98,7
LF:1
LH:1
end_of_record
TN:
SF:/usr/include/c++/13/initializer_list
FN:69,69,_ZNKSt16initializer_listIP4UserE4sizeEv
FN:73,73,_ZNKSt16initializer_listIP4UserE5beginEv
FN:77,77,_ZNKSt16initializer_listIP4UserE3endEv
FNDA:1,_ZNKSt16initializer_listIP4UserE4sizeEv
FNDA:2,_ZNKSt16initializer_listIP4UserE5beginEv
FNDA:1,_ZNKSt16initializer_listIP4UserE3endEv
FNF:3
FNH:3
DA:69,1
DA:73,2
DA:77,1
LF:3
LH:3
end_of_record
TN:
SF:/usr/include/c++/13/new
FN:174,175,_ZnwmPv
FN:180,180,_ZdlPvS_
FNDA:120,_ZnwmPv
FNDA:0,_ZdlPvS_
FNF:2
FNH:1
DA:174,120
DA:175,120
DA:180,0
LF:3
LH:2
end_of_record
